{"C:\\Users\\Dell\\Desktop\\KODOWANIE\\Projects\\Travel-agency\\src\\App.js": {"path":"C:\\Users\\Dell\\Desktop\\KODOWANIE\\Projects\\Travel-agency\\src\\App.js","statementMap":{"0":{"start":{"line":24,"column":21},"end":{"line":29,"column":3}},"1":{"start":{"line":32,"column":4},"end":{"line":32,"column":17}},"2":{"start":{"line":34,"column":4},"end":{"line":34,"column":55}},"3":{"start":{"line":38,"column":4},"end":{"line":41,"column":5}},"4":{"start":{"line":40,"column":6},"end":{"line":40,"column":57}},"5":{"start":{"line":45,"column":4},"end":{"line":68,"column":6}},"6":{"start":{"line":72,"column":24},"end":{"line":76,"column":2}},"7":{"start":{"line":72,"column":34},"end":{"line":76,"column":1}},"8":{"start":{"line":78,"column":27},"end":{"line":80,"column":2}},"9":{"start":{"line":78,"column":40},"end":{"line":80,"column":1}},"10":{"start":{"line":79,"column":25},"end":{"line":79,"column":62}}},"fnMap":{"0":{"name":"(anonymous_0)","decl":{"start":{"line":31,"column":2},"end":{"line":31,"column":3}},"loc":{"start":{"line":31,"column":20},"end":{"line":35,"column":3}},"line":31},"1":{"name":"(anonymous_1)","decl":{"start":{"line":37,"column":2},"end":{"line":37,"column":3}},"loc":{"start":{"line":37,"column":31},"end":{"line":42,"column":3}},"line":37},"2":{"name":"(anonymous_2)","decl":{"start":{"line":44,"column":2},"end":{"line":44,"column":3}},"loc":{"start":{"line":44,"column":10},"end":{"line":69,"column":3}},"line":44},"3":{"name":"(anonymous_3)","decl":{"start":{"line":72,"column":24},"end":{"line":72,"column":25}},"loc":{"start":{"line":72,"column":34},"end":{"line":76,"column":1}},"line":72},"4":{"name":"(anonymous_4)","decl":{"start":{"line":78,"column":27},"end":{"line":78,"column":28}},"loc":{"start":{"line":78,"column":40},"end":{"line":80,"column":1}},"line":78},"5":{"name":"(anonymous_5)","decl":{"start":{"line":79,"column":13},"end":{"line":79,"column":14}},"loc":{"start":{"line":79,"column":25},"end":{"line":79,"column":62}},"line":79}},"branchMap":{"0":{"loc":{"start":{"line":38,"column":4},"end":{"line":41,"column":5}},"type":"if","locations":[{"start":{"line":38,"column":4},"end":{"line":41,"column":5}},{"start":{"line":38,"column":4},"end":{"line":41,"column":5}}],"line":38}},"s":{"0":0,"1":0,"2":0,"3":0,"4":0,"5":0,"6":0,"7":0,"8":0,"9":0,"10":0},"f":{"0":0,"1":0,"2":0,"3":0,"4":0,"5":0},"b":{"0":[0,0]},"hash":"668b56267b696567b21e8f2df882019f3d908684"}
,"C:\\Users\\Dell\\Desktop\\KODOWANIE\\Projects\\Travel-agency\\src\\index.js": {"path":"C:\\Users\\Dell\\Desktop\\KODOWANIE\\Projects\\Travel-agency\\src\\index.js","statementMap":{"0":{"start":{"line":8,"column":0},"end":{"line":13,"column":2}}},"fnMap":{},"branchMap":{},"s":{"0":0},"f":{},"b":{},"hash":"c04a1518e579a35d5f8595a25c4977c9a8ba1659"}
,"C:\\Users\\Dell\\Desktop\\KODOWANIE\\Projects\\Travel-agency\\src\\components\\common\\Button\\Button.js": {"path":"C:\\Users\\Dell\\Desktop\\KODOWANIE\\Projects\\Travel-agency\\src\\components\\common\\Button\\Button.js","statementMap":{"0":{"start":{"line":5,"column":15},"end":{"line":10,"column":1}},"1":{"start":{"line":6,"column":2},"end":{"line":9,"column":4}},"2":{"start":{"line":8,"column":65},"end":{"line":8,"column":93}},"3":{"start":{"line":12,"column":0},"end":{"line":14,"column":2}}},"fnMap":{"0":{"name":"(anonymous_0)","decl":{"start":{"line":5,"column":15},"end":{"line":5,"column":16}},"loc":{"start":{"line":6,"column":2},"end":{"line":9,"column":4}},"line":6},"1":{"name":"(anonymous_1)","decl":{"start":{"line":8,"column":57},"end":{"line":8,"column":58}},"loc":{"start":{"line":8,"column":65},"end":{"line":8,"column":93}},"line":8}},"branchMap":{"0":{"loc":{"start":{"line":5,"column":17},"end":{"line":5,"column":29}},"type":"default-arg","locations":[{"start":{"line":5,"column":27},"end":{"line":5,"column":29}}],"line":5},"1":{"loc":{"start":{"line":8,"column":72},"end":{"line":8,"column":92}},"type":"binary-expr","locations":[{"start":{"line":8,"column":72},"end":{"line":8,"column":84}},{"start":{"line":8,"column":88},"end":{"line":8,"column":92}}],"line":8}},"s":{"0":0,"1":0,"2":0,"3":0},"f":{"0":0,"1":0},"b":{"0":[0],"1":[0,0]},"hash":"880acb4f9a79345dd56b1520a467d0804e84259e"}
,"C:\\Users\\Dell\\Desktop\\KODOWANIE\\Projects\\Travel-agency\\src\\components\\common\\DetailsBox\\DetailsBox.js": {"path":"C:\\Users\\Dell\\Desktop\\KODOWANIE\\Projects\\Travel-agency\\src\\components\\common\\DetailsBox\\DetailsBox.js","statementMap":{"0":{"start":{"line":5,"column":19},"end":{"line":9,"column":1}},"1":{"start":{"line":6,"column":2},"end":{"line":8,"column":12}},"2":{"start":{"line":6,"column":88},"end":{"line":6,"column":116}},"3":{"start":{"line":11,"column":0},"end":{"line":14,"column":2}}},"fnMap":{"0":{"name":"(anonymous_0)","decl":{"start":{"line":5,"column":19},"end":{"line":5,"column":20}},"loc":{"start":{"line":6,"column":2},"end":{"line":8,"column":12}},"line":6},"1":{"name":"(anonymous_1)","decl":{"start":{"line":6,"column":80},"end":{"line":6,"column":81}},"loc":{"start":{"line":6,"column":88},"end":{"line":6,"column":116}},"line":6}},"branchMap":{"0":{"loc":{"start":{"line":5,"column":21},"end":{"line":5,"column":33}},"type":"default-arg","locations":[{"start":{"line":5,"column":31},"end":{"line":5,"column":33}}],"line":5},"1":{"loc":{"start":{"line":6,"column":95},"end":{"line":6,"column":115}},"type":"binary-expr","locations":[{"start":{"line":6,"column":95},"end":{"line":6,"column":107}},{"start":{"line":6,"column":111},"end":{"line":6,"column":115}}],"line":6}},"s":{"0":0,"1":0,"2":0,"3":0},"f":{"0":0,"1":0},"b":{"0":[0],"1":[0,0]},"hash":"521c8282d42efc4cfbf5645ae283df2efb058d28"}
,"C:\\Users\\Dell\\Desktop\\KODOWANIE\\Projects\\Travel-agency\\src\\components\\common\\DetailsImage\\DetailsImage.js": {"path":"C:\\Users\\Dell\\Desktop\\KODOWANIE\\Projects\\Travel-agency\\src\\components\\common\\DetailsImage\\DetailsImage.js","statementMap":{"0":{"start":{"line":5,"column":21},"end":{"line":9,"column":1}},"1":{"start":{"line":6,"column":2},"end":{"line":8,"column":8}},"2":{"start":{"line":6,"column":84},"end":{"line":6,"column":112}},"3":{"start":{"line":11,"column":0},"end":{"line":14,"column":2}}},"fnMap":{"0":{"name":"(anonymous_0)","decl":{"start":{"line":5,"column":21},"end":{"line":5,"column":22}},"loc":{"start":{"line":6,"column":2},"end":{"line":8,"column":8}},"line":6},"1":{"name":"(anonymous_1)","decl":{"start":{"line":6,"column":76},"end":{"line":6,"column":77}},"loc":{"start":{"line":6,"column":84},"end":{"line":6,"column":112}},"line":6}},"branchMap":{"0":{"loc":{"start":{"line":5,"column":23},"end":{"line":5,"column":35}},"type":"default-arg","locations":[{"start":{"line":5,"column":33},"end":{"line":5,"column":35}}],"line":5},"1":{"loc":{"start":{"line":6,"column":91},"end":{"line":6,"column":111}},"type":"binary-expr","locations":[{"start":{"line":6,"column":91},"end":{"line":6,"column":103}},{"start":{"line":6,"column":107},"end":{"line":6,"column":111}}],"line":6}},"s":{"0":0,"1":0,"2":0,"3":0},"f":{"0":0,"1":0},"b":{"0":[0],"1":[0,0]},"hash":"30db155f696fd85e8e557170fea91cc96c1a57dd"}
,"C:\\Users\\Dell\\Desktop\\KODOWANIE\\Projects\\Travel-agency\\src\\components\\common\\Icon\\Icon.js": {"path":"C:\\Users\\Dell\\Desktop\\KODOWANIE\\Projects\\Travel-agency\\src\\components\\common\\Icon\\Icon.js","statementMap":{"0":{"start":{"line":4,"column":13},"end":{"line":4,"column":66}},"1":{"start":{"line":4,"column":23},"end":{"line":4,"column":65}},"2":{"start":{"line":6,"column":0},"end":{"line":8,"column":2}}},"fnMap":{"0":{"name":"(anonymous_0)","decl":{"start":{"line":4,"column":13},"end":{"line":4,"column":14}},"loc":{"start":{"line":4,"column":23},"end":{"line":4,"column":65}},"line":4}},"branchMap":{},"s":{"0":0,"1":0,"2":0},"f":{"0":0},"b":{},"hash":"0eb87eddf4263fcaa33838992b3786d0299dc710"}
,"C:\\Users\\Dell\\Desktop\\KODOWANIE\\Projects\\Travel-agency\\src\\components\\common\\List\\List.js": {"path":"C:\\Users\\Dell\\Desktop\\KODOWANIE\\Projects\\Travel-agency\\src\\components\\common\\List\\List.js","statementMap":{"0":{"start":{"line":5,"column":13},"end":{"line":9,"column":1}},"1":{"start":{"line":6,"column":2},"end":{"line":8,"column":8}},"2":{"start":{"line":6,"column":84},"end":{"line":6,"column":112}},"3":{"start":{"line":11,"column":0},"end":{"line":14,"column":2}}},"fnMap":{"0":{"name":"(anonymous_0)","decl":{"start":{"line":5,"column":13},"end":{"line":5,"column":14}},"loc":{"start":{"line":6,"column":2},"end":{"line":8,"column":8}},"line":6},"1":{"name":"(anonymous_1)","decl":{"start":{"line":6,"column":76},"end":{"line":6,"column":77}},"loc":{"start":{"line":6,"column":84},"end":{"line":6,"column":112}},"line":6}},"branchMap":{"0":{"loc":{"start":{"line":5,"column":15},"end":{"line":5,"column":27}},"type":"default-arg","locations":[{"start":{"line":5,"column":25},"end":{"line":5,"column":27}}],"line":5},"1":{"loc":{"start":{"line":6,"column":91},"end":{"line":6,"column":111}},"type":"binary-expr","locations":[{"start":{"line":6,"column":91},"end":{"line":6,"column":103}},{"start":{"line":6,"column":107},"end":{"line":6,"column":111}}],"line":6}},"s":{"0":0,"1":0,"2":0,"3":0},"f":{"0":0,"1":0},"b":{"0":[0],"1":[0,0]},"hash":"9f083ebec4d3fd47b2d99b531e81a1f1016f0d58"}
,"C:\\Users\\Dell\\Desktop\\KODOWANIE\\Projects\\Travel-agency\\src\\components\\common\\ListItem\\ListItem.js": {"path":"C:\\Users\\Dell\\Desktop\\KODOWANIE\\Projects\\Travel-agency\\src\\components\\common\\ListItem\\ListItem.js","statementMap":{"0":{"start":{"line":8,"column":2},"end":{"line":12,"column":4}},"1":{"start":{"line":15,"column":0},"end":{"line":18,"column":2}}},"fnMap":{"0":{"name":"ListItem","decl":{"start":{"line":7,"column":9},"end":{"line":7,"column":17}},"loc":{"start":{"line":7,"column":25},"end":{"line":13,"column":1}},"line":7}},"branchMap":{},"s":{"0":0,"1":0},"f":{"0":0},"b":{},"hash":"fa6142745338968bfd39b93ef9822f9a868dad49"}
,"C:\\Users\\Dell\\Desktop\\KODOWANIE\\Projects\\Travel-agency\\src\\components\\common\\PageTitle\\PageTitle.js": {"path":"C:\\Users\\Dell\\Desktop\\KODOWANIE\\Projects\\Travel-agency\\src\\components\\common\\PageTitle\\PageTitle.js","statementMap":{"0":{"start":{"line":5,"column":18},"end":{"line":7,"column":1}},"1":{"start":{"line":6,"column":2},"end":{"line":6,"column":53}},"2":{"start":{"line":9,"column":0},"end":{"line":11,"column":2}}},"fnMap":{"0":{"name":"(anonymous_0)","decl":{"start":{"line":5,"column":18},"end":{"line":5,"column":19}},"loc":{"start":{"line":6,"column":2},"end":{"line":6,"column":53}},"line":6}},"branchMap":{},"s":{"0":0,"1":0,"2":0},"f":{"0":0},"b":{},"hash":"449a497d2ad324dfcb35e30839d84805e2a927b8"}
,"C:\\Users\\Dell\\Desktop\\KODOWANIE\\Projects\\Travel-agency\\src\\components\\common\\SideImage\\SideImage.js": {"path":"C:\\Users\\Dell\\Desktop\\KODOWANIE\\Projects\\Travel-agency\\src\\components\\common\\SideImage\\SideImage.js","statementMap":{"0":{"start":{"line":5,"column":18},"end":{"line":5,"column":90}},"1":{"start":{"line":5,"column":28},"end":{"line":5,"column":89}},"2":{"start":{"line":7,"column":0},"end":{"line":9,"column":2}}},"fnMap":{"0":{"name":"(anonymous_0)","decl":{"start":{"line":5,"column":18},"end":{"line":5,"column":19}},"loc":{"start":{"line":5,"column":28},"end":{"line":5,"column":89}},"line":5}},"branchMap":{},"s":{"0":0,"1":0,"2":0},"f":{"0":0},"b":{},"hash":"b41fcc334b8693c0a91cba9441197f8168a44bd0"}
,"C:\\Users\\Dell\\Desktop\\KODOWANIE\\Projects\\Travel-agency\\src\\components\\features\\CountrySummary\\CountrySummary.js": {"path":"C:\\Users\\Dell\\Desktop\\KODOWANIE\\Projects\\Travel-agency\\src\\components\\features\\CountrySummary\\CountrySummary.js","statementMap":{"0":{"start":{"line":14,"column":23},"end":{"line":54,"column":1}},"1":{"start":{"line":16,"column":2},"end":{"line":52,"column":8}},"2":{"start":{"line":56,"column":0},"end":{"line":65,"column":2}}},"fnMap":{"0":{"name":"(anonymous_0)","decl":{"start":{"line":14,"column":23},"end":{"line":14,"column":24}},"loc":{"start":{"line":16,"column":2},"end":{"line":52,"column":8}},"line":16}},"branchMap":{},"s":{"0":0,"1":0,"2":0},"f":{"0":0},"b":{},"hash":"d0077dc2f21ea53febeb50c4a7949336109c68e3"}
,"C:\\Users\\Dell\\Desktop\\KODOWANIE\\Projects\\Travel-agency\\src\\components\\features\\OrderForm\\OrderForm.js": {"path":"C:\\Users\\Dell\\Desktop\\KODOWANIE\\Projects\\Travel-agency\\src\\components\\features\\OrderForm\\OrderForm.js","statementMap":{"0":{"start":{"line":8,"column":18},"end":{"line":19,"column":1}},"1":{"start":{"line":9,"column":2},"end":{"line":18,"column":8}},"2":{"start":{"line":11,"column":6},"end":{"line":13,"column":12}},"3":{"start":{"line":21,"column":0},"end":{"line":25,"column":2}}},"fnMap":{"0":{"name":"(anonymous_0)","decl":{"start":{"line":8,"column":18},"end":{"line":8,"column":19}},"loc":{"start":{"line":9,"column":2},"end":{"line":18,"column":8}},"line":9},"1":{"name":"(anonymous_1)","decl":{"start":{"line":10,"column":17},"end":{"line":10,"column":18}},"loc":{"start":{"line":11,"column":6},"end":{"line":13,"column":12}},"line":11}},"branchMap":{},"s":{"0":0,"1":0,"2":0,"3":0},"f":{"0":0,"1":0},"b":{},"hash":"c0dd1447af2672b9e3e18489aeda3d689b0f05ef"}
,"C:\\Users\\Dell\\Desktop\\KODOWANIE\\Projects\\Travel-agency\\src\\components\\features\\OrderForm\\OrderFormContainer.js": {"path":"C:\\Users\\Dell\\Desktop\\KODOWANIE\\Projects\\Travel-agency\\src\\components\\features\\OrderForm\\OrderFormContainer.js","statementMap":{"0":{"start":{"line":6,"column":24},"end":{"line":8,"column":2}},"1":{"start":{"line":6,"column":34},"end":{"line":8,"column":1}},"2":{"start":{"line":10,"column":27},"end":{"line":12,"column":2}},"3":{"start":{"line":10,"column":40},"end":{"line":12,"column":1}},"4":{"start":{"line":11,"column":28},"end":{"line":11,"column":60}}},"fnMap":{"0":{"name":"(anonymous_0)","decl":{"start":{"line":6,"column":24},"end":{"line":6,"column":25}},"loc":{"start":{"line":6,"column":34},"end":{"line":8,"column":1}},"line":6},"1":{"name":"(anonymous_1)","decl":{"start":{"line":10,"column":27},"end":{"line":10,"column":28}},"loc":{"start":{"line":10,"column":40},"end":{"line":12,"column":1}},"line":10},"2":{"name":"(anonymous_2)","decl":{"start":{"line":11,"column":18},"end":{"line":11,"column":19}},"loc":{"start":{"line":11,"column":28},"end":{"line":11,"column":60}},"line":11}},"branchMap":{},"s":{"0":0,"1":0,"2":0,"3":0,"4":0},"f":{"0":0,"1":0,"2":0},"b":{},"hash":"1d08896199f9272c9dd3ec8152589ea17cc47420"}
,"C:\\Users\\Dell\\Desktop\\KODOWANIE\\Projects\\Travel-agency\\src\\components\\features\\OrderOption\\OderOptionDropdown.js": {"path":"C:\\Users\\Dell\\Desktop\\KODOWANIE\\Projects\\Travel-agency\\src\\components\\features\\OrderOption\\OderOptionDropdown.js","statementMap":{"0":{"start":{"line":6,"column":28},"end":{"line":23,"column":1}},"1":{"start":{"line":7,"column":2},"end":{"line":22,"column":11}},"2":{"start":{"line":10,"column":23},"end":{"line":10,"column":64}},"3":{"start":{"line":16,"column":6},"end":{"line":20,"column":15}},"4":{"start":{"line":25,"column":0},"end":{"line":30,"column":2}}},"fnMap":{"0":{"name":"(anonymous_0)","decl":{"start":{"line":6,"column":28},"end":{"line":6,"column":29}},"loc":{"start":{"line":7,"column":2},"end":{"line":22,"column":11}},"line":7},"1":{"name":"(anonymous_1)","decl":{"start":{"line":10,"column":14},"end":{"line":10,"column":15}},"loc":{"start":{"line":10,"column":23},"end":{"line":10,"column":64}},"line":10},"2":{"name":"(anonymous_2)","decl":{"start":{"line":15,"column":16},"end":{"line":15,"column":17}},"loc":{"start":{"line":16,"column":6},"end":{"line":20,"column":15}},"line":16}},"branchMap":{"0":{"loc":{"start":{"line":12,"column":5},"end":{"line":14,"column":5}},"type":"cond-expr","locations":[{"start":{"line":12,"column":16},"end":{"line":12,"column":18}},{"start":{"line":13,"column":6},"end":{"line":13,"column":46}}],"line":12}},"s":{"0":0,"1":0,"2":0,"3":0,"4":0},"f":{"0":0,"1":0,"2":0},"b":{"0":[0,0]},"hash":"92f2b856f45faf4a19e21adbc582804467a5b2d6"}
,"C:\\Users\\Dell\\Desktop\\KODOWANIE\\Projects\\Travel-agency\\src\\components\\features\\OrderOption\\OrderOption.js": {"path":"C:\\Users\\Dell\\Desktop\\KODOWANIE\\Projects\\Travel-agency\\src\\components\\features\\OrderOption\\OrderOption.js","statementMap":{"0":{"start":{"line":11,"column":20},"end":{"line":18,"column":1}},"1":{"start":{"line":20,"column":20},"end":{"line":35,"column":1}},"2":{"start":{"line":21,"column":26},"end":{"line":21,"column":43}},"3":{"start":{"line":22,"column":2},"end":{"line":34,"column":3}},"4":{"start":{"line":23,"column":4},"end":{"line":23,"column":16}},"5":{"start":{"line":25,"column":4},"end":{"line":33,"column":6}},"6":{"start":{"line":29,"column":35},"end":{"line":29,"column":65}},"7":{"start":{"line":36,"column":0},"end":{"line":40,"column":2}}},"fnMap":{"0":{"name":"(anonymous_0)","decl":{"start":{"line":20,"column":20},"end":{"line":20,"column":21}},"loc":{"start":{"line":20,"column":73},"end":{"line":35,"column":1}},"line":20},"1":{"name":"(anonymous_1)","decl":{"start":{"line":29,"column":26},"end":{"line":29,"column":27}},"loc":{"start":{"line":29,"column":35},"end":{"line":29,"column":65}},"line":29}},"branchMap":{"0":{"loc":{"start":{"line":22,"column":2},"end":{"line":34,"column":3}},"type":"if","locations":[{"start":{"line":22,"column":2},"end":{"line":34,"column":3}},{"start":{"line":22,"column":2},"end":{"line":34,"column":3}}],"line":22}},"s":{"0":0,"1":0,"2":0,"3":0,"4":0,"5":0,"6":0,"7":0},"f":{"0":0,"1":0},"b":{"0":[0,0]},"hash":"c9ca7e475b8165001a71a6a896392a6809631293"}
,"C:\\Users\\Dell\\Desktop\\KODOWANIE\\Projects\\Travel-agency\\src\\components\\features\\OrderOption\\OrderOptionCheckboxes.js": {"path":"C:\\Users\\Dell\\Desktop\\KODOWANIE\\Projects\\Travel-agency\\src\\components\\features\\OrderOption\\OrderOptionCheckboxes.js","statementMap":{"0":{"start":{"line":6,"column":20},"end":{"line":16,"column":1}},"1":{"start":{"line":7,"column":2},"end":{"line":7,"column":28}},"2":{"start":{"line":8,"column":2},"end":{"line":15,"column":3}},"3":{"start":{"line":9,"column":4},"end":{"line":12,"column":6}},"4":{"start":{"line":14,"column":4},"end":{"line":14,"column":53}},"5":{"start":{"line":14,"column":40},"end":{"line":14,"column":51}},"6":{"start":{"line":18,"column":30},"end":{"line":32,"column":1}},"7":{"start":{"line":19,"column":2},"end":{"line":31,"column":8}},"8":{"start":{"line":21,"column":6},"end":{"line":29,"column":14}},"9":{"start":{"line":26,"column":29},"end":{"line":26,"column":109}},"10":{"start":{"line":34,"column":0},"end":{"line":38,"column":2}}},"fnMap":{"0":{"name":"(anonymous_0)","decl":{"start":{"line":6,"column":20},"end":{"line":6,"column":21}},"loc":{"start":{"line":6,"column":51},"end":{"line":16,"column":1}},"line":6},"1":{"name":"(anonymous_1)","decl":{"start":{"line":14,"column":31},"end":{"line":14,"column":32}},"loc":{"start":{"line":14,"column":40},"end":{"line":14,"column":51}},"line":14},"2":{"name":"(anonymous_2)","decl":{"start":{"line":18,"column":30},"end":{"line":18,"column":31}},"loc":{"start":{"line":19,"column":2},"end":{"line":31,"column":8}},"line":19},"3":{"name":"(anonymous_3)","decl":{"start":{"line":20,"column":16},"end":{"line":20,"column":17}},"loc":{"start":{"line":21,"column":6},"end":{"line":29,"column":14}},"line":21},"4":{"name":"(anonymous_4)","decl":{"start":{"line":26,"column":20},"end":{"line":26,"column":21}},"loc":{"start":{"line":26,"column":29},"end":{"line":26,"column":109}},"line":26}},"branchMap":{"0":{"loc":{"start":{"line":8,"column":2},"end":{"line":15,"column":3}},"type":"if","locations":[{"start":{"line":8,"column":2},"end":{"line":15,"column":3}},{"start":{"line":8,"column":2},"end":{"line":15,"column":3}}],"line":8}},"s":{"0":0,"1":0,"2":0,"3":0,"4":0,"5":0,"6":0,"7":0,"8":0,"9":0,"10":0},"f":{"0":0,"1":0,"2":0,"3":0,"4":0},"b":{"0":[0,0]},"hash":"e319ddca017bc53b172d57164397677690700452"}
,"C:\\Users\\Dell\\Desktop\\KODOWANIE\\Projects\\Travel-agency\\src\\components\\features\\OrderOption\\OrderOptionDate.js": {"path":"C:\\Users\\Dell\\Desktop\\KODOWANIE\\Projects\\Travel-agency\\src\\components\\features\\OrderOption\\OrderOptionDate.js","statementMap":{"0":{"start":{"line":7,"column":24},"end":{"line":15,"column":1}},"1":{"start":{"line":9,"column":2},"end":{"line":14,"column":8}},"2":{"start":{"line":12,"column":24},"end":{"line":12,"column":44}},"3":{"start":{"line":17,"column":0},"end":{"line":20,"column":2}},"4":{"start":{"line":22,"column":0},"end":{"line":24,"column":2}}},"fnMap":{"0":{"name":"(anonymous_0)","decl":{"start":{"line":7,"column":24},"end":{"line":7,"column":25}},"loc":{"start":{"line":9,"column":2},"end":{"line":14,"column":8}},"line":9},"1":{"name":"(anonymous_1)","decl":{"start":{"line":12,"column":16},"end":{"line":12,"column":17}},"loc":{"start":{"line":12,"column":24},"end":{"line":12,"column":44}},"line":12}},"branchMap":{},"s":{"0":0,"1":0,"2":0,"3":0,"4":0},"f":{"0":0,"1":0},"b":{},"hash":"1ccff884e5137bfb14caa2c78e0dd496cab09785"}
,"C:\\Users\\Dell\\Desktop\\KODOWANIE\\Projects\\Travel-agency\\src\\components\\features\\OrderOption\\OrderOptionDropdown.js": {"path":"C:\\Users\\Dell\\Desktop\\KODOWANIE\\Projects\\Travel-agency\\src\\components\\features\\OrderOption\\OrderOptionDropdown.js","statementMap":{"0":{"start":{"line":6,"column":28},"end":{"line":23,"column":1}},"1":{"start":{"line":7,"column":2},"end":{"line":22,"column":11}},"2":{"start":{"line":10,"column":23},"end":{"line":10,"column":64}},"3":{"start":{"line":16,"column":6},"end":{"line":20,"column":15}},"4":{"start":{"line":25,"column":0},"end":{"line":30,"column":2}}},"fnMap":{"0":{"name":"(anonymous_0)","decl":{"start":{"line":6,"column":28},"end":{"line":6,"column":29}},"loc":{"start":{"line":7,"column":2},"end":{"line":22,"column":11}},"line":7},"1":{"name":"(anonymous_1)","decl":{"start":{"line":10,"column":14},"end":{"line":10,"column":15}},"loc":{"start":{"line":10,"column":23},"end":{"line":10,"column":64}},"line":10},"2":{"name":"(anonymous_2)","decl":{"start":{"line":15,"column":16},"end":{"line":15,"column":17}},"loc":{"start":{"line":16,"column":6},"end":{"line":20,"column":15}},"line":16}},"branchMap":{"0":{"loc":{"start":{"line":12,"column":5},"end":{"line":14,"column":5}},"type":"cond-expr","locations":[{"start":{"line":12,"column":16},"end":{"line":12,"column":18}},{"start":{"line":13,"column":6},"end":{"line":13,"column":46}}],"line":12}},"s":{"0":0,"1":0,"2":0,"3":0,"4":0},"f":{"0":0,"1":0,"2":0},"b":{"0":[0,0]},"hash":"8fa4437239bb1b0b9cd2f551c7df5324412ebbe8"}
,"C:\\Users\\Dell\\Desktop\\KODOWANIE\\Projects\\Travel-agency\\src\\components\\features\\OrderOption\\OrderOptionIcons.js": {"path":"C:\\Users\\Dell\\Desktop\\KODOWANIE\\Projects\\Travel-agency\\src\\components\\features\\OrderOption\\OrderOptionIcons.js","statementMap":{"0":{"start":{"line":7,"column":25},"end":{"line":21,"column":1}},"1":{"start":{"line":8,"column":2},"end":{"line":20,"column":8}},"2":{"start":{"line":11,"column":50},"end":{"line":11,"column":68}},"3":{"start":{"line":16,"column":6},"end":{"line":17,"column":86}},"4":{"start":{"line":16,"column":111},"end":{"line":16,"column":135}},"5":{"start":{"line":23,"column":0},"end":{"line":28,"column":2}}},"fnMap":{"0":{"name":"(anonymous_0)","decl":{"start":{"line":7,"column":25},"end":{"line":7,"column":26}},"loc":{"start":{"line":8,"column":2},"end":{"line":20,"column":8}},"line":8},"1":{"name":"(anonymous_1)","decl":{"start":{"line":11,"column":44},"end":{"line":11,"column":45}},"loc":{"start":{"line":11,"column":50},"end":{"line":11,"column":68}},"line":11},"2":{"name":"(anonymous_2)","decl":{"start":{"line":15,"column":16},"end":{"line":15,"column":17}},"loc":{"start":{"line":16,"column":6},"end":{"line":17,"column":86}},"line":16},"3":{"name":"(anonymous_3)","decl":{"start":{"line":16,"column":105},"end":{"line":16,"column":106}},"loc":{"start":{"line":16,"column":111},"end":{"line":16,"column":135}},"line":16}},"branchMap":{"0":{"loc":{"start":{"line":10,"column":5},"end":{"line":13,"column":5}},"type":"cond-expr","locations":[{"start":{"line":10,"column":16},"end":{"line":10,"column":18}},{"start":{"line":11,"column":6},"end":{"line":12,"column":74}}],"line":10},"1":{"loc":{"start":{"line":16,"column":22},"end":{"line":16,"column":79}},"type":"cond-expr","locations":[{"start":{"line":16,"column":48},"end":{"line":16,"column":65}},{"start":{"line":16,"column":68},"end":{"line":16,"column":79}}],"line":16}},"s":{"0":0,"1":0,"2":0,"3":0,"4":0,"5":0},"f":{"0":0,"1":0,"2":0,"3":0},"b":{"0":[0,0],"1":[0,0]},"hash":"c7b7b5d50eaab11cdb1a084379c0d683ce86f651"}
,"C:\\Users\\Dell\\Desktop\\KODOWANIE\\Projects\\Travel-agency\\src\\components\\features\\OrderOption\\OrderOptionNumber.js": {"path":"C:\\Users\\Dell\\Desktop\\KODOWANIE\\Projects\\Travel-agency\\src\\components\\features\\OrderOption\\OrderOptionNumber.js","statementMap":{"0":{"start":{"line":5,"column":26},"end":{"line":16,"column":1}},"1":{"start":{"line":6,"column":2},"end":{"line":15,"column":8}},"2":{"start":{"line":13,"column":25},"end":{"line":13,"column":66}},"3":{"start":{"line":18,"column":0},"end":{"line":23,"column":2}}},"fnMap":{"0":{"name":"(anonymous_0)","decl":{"start":{"line":5,"column":26},"end":{"line":5,"column":27}},"loc":{"start":{"line":6,"column":2},"end":{"line":15,"column":8}},"line":6},"1":{"name":"(anonymous_1)","decl":{"start":{"line":13,"column":16},"end":{"line":13,"column":17}},"loc":{"start":{"line":13,"column":25},"end":{"line":13,"column":66}},"line":13}},"branchMap":{},"s":{"0":0,"1":0,"2":0,"3":0},"f":{"0":0,"1":0},"b":{},"hash":"1893f46aafcf341abc538929d0c101cd9b37cd97"}
,"C:\\Users\\Dell\\Desktop\\KODOWANIE\\Projects\\Travel-agency\\src\\components\\features\\OrderOption\\OrderOptionText.js": {"path":"C:\\Users\\Dell\\Desktop\\KODOWANIE\\Projects\\Travel-agency\\src\\components\\features\\OrderOption\\OrderOptionText.js","statementMap":{"0":{"start":{"line":5,"column":24},"end":{"line":16,"column":1}},"1":{"start":{"line":6,"column":2},"end":{"line":15,"column":8}},"2":{"start":{"line":11,"column":27},"end":{"line":11,"column":68}},"3":{"start":{"line":18,"column":0},"end":{"line":22,"column":2}}},"fnMap":{"0":{"name":"(anonymous_0)","decl":{"start":{"line":5,"column":24},"end":{"line":5,"column":25}},"loc":{"start":{"line":6,"column":2},"end":{"line":15,"column":8}},"line":6},"1":{"name":"(anonymous_1)","decl":{"start":{"line":11,"column":18},"end":{"line":11,"column":19}},"loc":{"start":{"line":11,"column":27},"end":{"line":11,"column":68}},"line":11}},"branchMap":{},"s":{"0":0,"1":0,"2":0,"3":0},"f":{"0":0,"1":0},"b":{},"hash":"7dad77cf2d47f4874c08333b79608cddf9ce399b"}
,"C:\\Users\\Dell\\Desktop\\KODOWANIE\\Projects\\Travel-agency\\src\\components\\features\\OrderSummary\\OrderSummary.js": {"path":"C:\\Users\\Dell\\Desktop\\KODOWANIE\\Projects\\Travel-agency\\src\\components\\features\\OrderSummary\\OrderSummary.js","statementMap":{"0":{"start":{"line":8,"column":21},"end":{"line":13,"column":3}},"1":{"start":{"line":10,"column":4},"end":{"line":12,"column":9}},"2":{"start":{"line":16,"column":0},"end":{"line":20,"column":2}}},"fnMap":{"0":{"name":"(anonymous_0)","decl":{"start":{"line":8,"column":21},"end":{"line":8,"column":22}},"loc":{"start":{"line":10,"column":4},"end":{"line":12,"column":9}},"line":10}},"branchMap":{},"s":{"0":0,"1":0,"2":0},"f":{"0":0},"b":{},"hash":"e2f63b6d2d232dd49df07cbbf4b278a471dfd28f"}
,"C:\\Users\\Dell\\Desktop\\KODOWANIE\\Projects\\Travel-agency\\src\\components\\features\\TripListOptions\\TripListOptions.js": {"path":"C:\\Users\\Dell\\Desktop\\KODOWANIE\\Projects\\Travel-agency\\src\\components\\features\\TripListOptions\\TripListOptions.js","statementMap":{"0":{"start":{"line":9,"column":4},"end":{"line":17,"column":5}},"1":{"start":{"line":10,"column":6},"end":{"line":10,"column":37}},"2":{"start":{"line":11,"column":6},"end":{"line":11,"column":29}},"3":{"start":{"line":14,"column":6},"end":{"line":14,"column":39}},"4":{"start":{"line":15,"column":6},"end":{"line":15,"column":32}},"5":{"start":{"line":21,"column":4},"end":{"line":21,"column":54}},"6":{"start":{"line":22,"column":4},"end":{"line":22,"column":47}},"7":{"start":{"line":27,"column":4},"end":{"line":27,"column":42}},"8":{"start":{"line":31,"column":28},"end":{"line":31,"column":38}},"9":{"start":{"line":32,"column":4},"end":{"line":87,"column":6}},"10":{"start":{"line":42,"column":37},"end":{"line":42,"column":81}},"11":{"start":{"line":54,"column":37},"end":{"line":54,"column":91}},"12":{"start":{"line":61,"column":37},"end":{"line":61,"column":89}},"13":{"start":{"line":73,"column":20},"end":{"line":78,"column":28}},"14":{"start":{"line":75,"column":43},"end":{"line":75,"column":92}},"15":{"start":{"line":91,"column":0},"end":{"line":98,"column":2}}},"fnMap":{"0":{"name":"(anonymous_0)","decl":{"start":{"line":8,"column":2},"end":{"line":8,"column":3}},"loc":{"start":{"line":8,"column":26},"end":{"line":18,"column":3}},"line":8},"1":{"name":"(anonymous_1)","decl":{"start":{"line":20,"column":2},"end":{"line":20,"column":3}},"loc":{"start":{"line":20,"column":29},"end":{"line":24,"column":3}},"line":20},"2":{"name":"(anonymous_2)","decl":{"start":{"line":26,"column":2},"end":{"line":26,"column":3}},"loc":{"start":{"line":26,"column":22},"end":{"line":28,"column":3}},"line":26},"3":{"name":"(anonymous_3)","decl":{"start":{"line":30,"column":2},"end":{"line":30,"column":3}},"loc":{"start":{"line":30,"column":10},"end":{"line":88,"column":3}},"line":30},"4":{"name":"(anonymous_4)","decl":{"start":{"line":42,"column":28},"end":{"line":42,"column":29}},"loc":{"start":{"line":42,"column":37},"end":{"line":42,"column":81}},"line":42},"5":{"name":"(anonymous_5)","decl":{"start":{"line":54,"column":28},"end":{"line":54,"column":29}},"loc":{"start":{"line":54,"column":37},"end":{"line":54,"column":91}},"line":54},"6":{"name":"(anonymous_6)","decl":{"start":{"line":61,"column":28},"end":{"line":61,"column":29}},"loc":{"start":{"line":61,"column":37},"end":{"line":61,"column":89}},"line":61},"7":{"name":"(anonymous_7)","decl":{"start":{"line":72,"column":41},"end":{"line":72,"column":42}},"loc":{"start":{"line":73,"column":20},"end":{"line":78,"column":28}},"line":73},"8":{"name":"(anonymous_8)","decl":{"start":{"line":75,"column":34},"end":{"line":75,"column":35}},"loc":{"start":{"line":75,"column":43},"end":{"line":75,"column":92}},"line":75}},"branchMap":{"0":{"loc":{"start":{"line":9,"column":4},"end":{"line":17,"column":5}},"type":"if","locations":[{"start":{"line":9,"column":4},"end":{"line":17,"column":5}},{"start":{"line":9,"column":4},"end":{"line":17,"column":5}}],"line":9}},"s":{"0":0,"1":0,"2":0,"3":0,"4":0,"5":0,"6":0,"7":0,"8":0,"9":0,"10":0,"11":0,"12":0,"13":0,"14":0,"15":0},"f":{"0":0,"1":0,"2":0,"3":0,"4":0,"5":0,"6":0,"7":0,"8":0},"b":{"0":[0,0]},"hash":"bf99b370315b7fe7e12ed29d25af992b8bd4f9b7"}
,"C:\\Users\\Dell\\Desktop\\KODOWANIE\\Projects\\Travel-agency\\src\\components\\features\\TripListOptions\\TripListOptionsContainer.js": {"path":"C:\\Users\\Dell\\Desktop\\KODOWANIE\\Projects\\Travel-agency\\src\\components\\features\\TripListOptions\\TripListOptionsContainer.js","statementMap":{"0":{"start":{"line":7,"column":24},"end":{"line":10,"column":2}},"1":{"start":{"line":7,"column":34},"end":{"line":10,"column":1}},"2":{"start":{"line":12,"column":27},"end":{"line":18,"column":2}},"3":{"start":{"line":12,"column":40},"end":{"line":18,"column":1}},"4":{"start":{"line":13,"column":32},"end":{"line":13,"column":68}},"5":{"start":{"line":14,"column":30},"end":{"line":14,"column":64}},"6":{"start":{"line":15,"column":17},"end":{"line":15,"column":38}},"7":{"start":{"line":16,"column":20},"end":{"line":16,"column":44}}},"fnMap":{"0":{"name":"(anonymous_0)","decl":{"start":{"line":7,"column":24},"end":{"line":7,"column":25}},"loc":{"start":{"line":7,"column":34},"end":{"line":10,"column":1}},"line":7},"1":{"name":"(anonymous_1)","decl":{"start":{"line":12,"column":27},"end":{"line":12,"column":28}},"loc":{"start":{"line":12,"column":40},"end":{"line":18,"column":1}},"line":12},"2":{"name":"(anonymous_2)","decl":{"start":{"line":13,"column":22},"end":{"line":13,"column":23}},"loc":{"start":{"line":13,"column":32},"end":{"line":13,"column":68}},"line":13},"3":{"name":"(anonymous_3)","decl":{"start":{"line":14,"column":18},"end":{"line":14,"column":19}},"loc":{"start":{"line":14,"column":30},"end":{"line":14,"column":64}},"line":14},"4":{"name":"(anonymous_4)","decl":{"start":{"line":15,"column":10},"end":{"line":15,"column":11}},"loc":{"start":{"line":15,"column":17},"end":{"line":15,"column":38}},"line":15},"5":{"name":"(anonymous_5)","decl":{"start":{"line":16,"column":13},"end":{"line":16,"column":14}},"loc":{"start":{"line":16,"column":20},"end":{"line":16,"column":44}},"line":16}},"branchMap":{},"s":{"0":0,"1":0,"2":0,"3":0,"4":0,"5":0,"6":0,"7":0},"f":{"0":0,"1":0,"2":0,"3":0,"4":0,"5":0},"b":{},"hash":"7458061e766361099551f11002a25d1b23b0ed23"}
,"C:\\Users\\Dell\\Desktop\\KODOWANIE\\Projects\\Travel-agency\\src\\components\\features\\TripSummary\\TripSummary.js": {"path":"C:\\Users\\Dell\\Desktop\\KODOWANIE\\Projects\\Travel-agency\\src\\components\\features\\TripSummary\\TripSummary.js","statementMap":{"0":{"start":{"line":8,"column":20},"end":{"line":30,"column":1}},"1":{"start":{"line":10,"column":2},"end":{"line":29,"column":8}},"2":{"start":{"line":23,"column":12},"end":{"line":23,"column":74}},"3":{"start":{"line":32,"column":0},"end":{"line":40,"column":2}}},"fnMap":{"0":{"name":"(anonymous_0)","decl":{"start":{"line":8,"column":20},"end":{"line":8,"column":21}},"loc":{"start":{"line":10,"column":2},"end":{"line":29,"column":8}},"line":10},"1":{"name":"(anonymous_1)","decl":{"start":{"line":22,"column":20},"end":{"line":22,"column":21}},"loc":{"start":{"line":23,"column":12},"end":{"line":23,"column":74}},"line":23}},"branchMap":{},"s":{"0":1,"1":5,"2":3,"3":1},"f":{"0":5,"1":3},"b":{},"_coverageSchema":"43e27e138ebf9cfc5966b082cf9a028302ed4184","hash":"018fc2db3a98518fe26f2c8c0553d5745ac52723"}
,"C:\\Users\\Dell\\Desktop\\KODOWANIE\\Projects\\Travel-agency\\src\\components\\layout\\Header\\Header.js": {"path":"C:\\Users\\Dell\\Desktop\\KODOWANIE\\Projects\\Travel-agency\\src\\components\\layout\\Header\\Header.js","statementMap":{"0":{"start":{"line":10,"column":4},"end":{"line":44,"column":6}}},"fnMap":{"0":{"name":"(anonymous_0)","decl":{"start":{"line":9,"column":2},"end":{"line":9,"column":3}},"loc":{"start":{"line":9,"column":10},"end":{"line":45,"column":3}},"line":9}},"branchMap":{},"s":{"0":0},"f":{"0":0},"b":{},"hash":"49171c10a0e9ad5c00cc0c02aa0b6a2d9020ed18"}
,"C:\\Users\\Dell\\Desktop\\KODOWANIE\\Projects\\Travel-agency\\src\\components\\layout\\Hero\\Hero.js": {"path":"C:\\Users\\Dell\\Desktop\\KODOWANIE\\Projects\\Travel-agency\\src\\components\\layout\\Hero\\Hero.js","statementMap":{"0":{"start":{"line":5,"column":13},"end":{"line":10,"column":1}},"1":{"start":{"line":6,"column":2},"end":{"line":9,"column":8}},"2":{"start":{"line":6,"column":84},"end":{"line":6,"column":112}},"3":{"start":{"line":12,"column":0},"end":{"line":16,"column":2}}},"fnMap":{"0":{"name":"(anonymous_0)","decl":{"start":{"line":5,"column":13},"end":{"line":5,"column":14}},"loc":{"start":{"line":6,"column":2},"end":{"line":9,"column":8}},"line":6},"1":{"name":"(anonymous_1)","decl":{"start":{"line":6,"column":76},"end":{"line":6,"column":77}},"loc":{"start":{"line":6,"column":84},"end":{"line":6,"column":112}},"line":6}},"branchMap":{"0":{"loc":{"start":{"line":5,"column":15},"end":{"line":5,"column":27}},"type":"default-arg","locations":[{"start":{"line":5,"column":25},"end":{"line":5,"column":27}}],"line":5},"1":{"loc":{"start":{"line":6,"column":91},"end":{"line":6,"column":111}},"type":"binary-expr","locations":[{"start":{"line":6,"column":91},"end":{"line":6,"column":103}},{"start":{"line":6,"column":107},"end":{"line":6,"column":111}}],"line":6}},"s":{"0":1,"1":4,"2":5,"3":1},"f":{"0":4,"1":5},"b":{"0":[3],"1":[5,3]},"_coverageSchema":"43e27e138ebf9cfc5966b082cf9a028302ed4184","hash":"084d5e525127f9d010291556b8da87cab1d6d9d2"}
,"C:\\Users\\Dell\\Desktop\\KODOWANIE\\Projects\\Travel-agency\\src\\components\\layout\\MainLayout\\MainLayout.js": {"path":"C:\\Users\\Dell\\Desktop\\KODOWANIE\\Projects\\Travel-agency\\src\\components\\layout\\MainLayout\\MainLayout.js","statementMap":{"0":{"start":{"line":5,"column":19},"end":{"line":12,"column":1}},"1":{"start":{"line":6,"column":2},"end":{"line":11,"column":8}},"2":{"start":{"line":14,"column":0},"end":{"line":16,"column":2}}},"fnMap":{"0":{"name":"(anonymous_0)","decl":{"start":{"line":5,"column":19},"end":{"line":5,"column":20}},"loc":{"start":{"line":6,"column":2},"end":{"line":11,"column":8}},"line":6}},"branchMap":{},"s":{"0":0,"1":0,"2":0},"f":{"0":0},"b":{},"hash":"e78fb828a1aaed7fae6bae7b83737b486a9645fe"}
,"C:\\Users\\Dell\\Desktop\\KODOWANIE\\Projects\\Travel-agency\\src\\components\\layout\\Section\\Section.js": {"path":"C:\\Users\\Dell\\Desktop\\KODOWANIE\\Projects\\Travel-agency\\src\\components\\layout\\Section\\Section.js","statementMap":{"0":{"start":{"line":5,"column":16},"end":{"line":10,"column":1}},"1":{"start":{"line":7,"column":2},"end":{"line":9,"column":12}},"2":{"start":{"line":7,"column":88},"end":{"line":7,"column":116}},"3":{"start":{"line":12,"column":0},"end":{"line":15,"column":2}}},"fnMap":{"0":{"name":"(anonymous_0)","decl":{"start":{"line":5,"column":16},"end":{"line":5,"column":17}},"loc":{"start":{"line":7,"column":2},"end":{"line":9,"column":12}},"line":7},"1":{"name":"(anonymous_1)","decl":{"start":{"line":7,"column":80},"end":{"line":7,"column":81}},"loc":{"start":{"line":7,"column":88},"end":{"line":7,"column":116}},"line":7}},"branchMap":{"0":{"loc":{"start":{"line":5,"column":18},"end":{"line":5,"column":30}},"type":"default-arg","locations":[{"start":{"line":5,"column":28},"end":{"line":5,"column":30}}],"line":5},"1":{"loc":{"start":{"line":7,"column":95},"end":{"line":7,"column":115}},"type":"binary-expr","locations":[{"start":{"line":7,"column":95},"end":{"line":7,"column":107}},{"start":{"line":7,"column":111},"end":{"line":7,"column":115}}],"line":7}},"s":{"0":0,"1":0,"2":0,"3":0},"f":{"0":0,"1":0},"b":{"0":[0],"1":[0,0]},"hash":"5fe10ffbd8adcf0a6d5518a4ccf2d5567c2b41d0"}
,"C:\\Users\\Dell\\Desktop\\KODOWANIE\\Projects\\Travel-agency\\src\\components\\views\\Countries\\Countries.js": {"path":"C:\\Users\\Dell\\Desktop\\KODOWANIE\\Projects\\Travel-agency\\src\\components\\views\\Countries\\Countries.js","statementMap":{"0":{"start":{"line":9,"column":18},"end":{"line":23,"column":1}},"1":{"start":{"line":11,"column":2},"end":{"line":22,"column":12}},"2":{"start":{"line":17,"column":10},"end":{"line":17,"column":60}},"3":{"start":{"line":25,"column":0},"end":{"line":27,"column":2}}},"fnMap":{"0":{"name":"(anonymous_0)","decl":{"start":{"line":9,"column":18},"end":{"line":9,"column":19}},"loc":{"start":{"line":11,"column":2},"end":{"line":22,"column":12}},"line":11},"1":{"name":"(anonymous_1)","decl":{"start":{"line":16,"column":36},"end":{"line":16,"column":37}},"loc":{"start":{"line":17,"column":10},"end":{"line":17,"column":60}},"line":17}},"branchMap":{},"s":{"0":0,"1":0,"2":0,"3":0},"f":{"0":0,"1":0},"b":{},"hash":"93cb707cdaf692e40a9547dcc4cd528dee8d1458"}
,"C:\\Users\\Dell\\Desktop\\KODOWANIE\\Projects\\Travel-agency\\src\\components\\views\\Countries\\CountriesContainer.js": {"path":"C:\\Users\\Dell\\Desktop\\KODOWANIE\\Projects\\Travel-agency\\src\\components\\views\\Countries\\CountriesContainer.js","statementMap":{"0":{"start":{"line":5,"column":24},"end":{"line":7,"column":2}},"1":{"start":{"line":5,"column":34},"end":{"line":7,"column":1}}},"fnMap":{"0":{"name":"(anonymous_0)","decl":{"start":{"line":5,"column":24},"end":{"line":5,"column":25}},"loc":{"start":{"line":5,"column":34},"end":{"line":7,"column":1}},"line":5}},"branchMap":{},"s":{"0":0,"1":0},"f":{"0":0},"b":{},"hash":"ab25cf3993394aa0022e7d18da57c53670007491"}
,"C:\\Users\\Dell\\Desktop\\KODOWANIE\\Projects\\Travel-agency\\src\\components\\views\\Country\\Country.js": {"path":"C:\\Users\\Dell\\Desktop\\KODOWANIE\\Projects\\Travel-agency\\src\\components\\views\\Country\\Country.js","statementMap":{"0":{"start":{"line":16,"column":16},"end":{"line":58,"column":1}},"1":{"start":{"line":18,"column":2},"end":{"line":57,"column":12}},"2":{"start":{"line":52,"column":10},"end":{"line":52,"column":49}},"3":{"start":{"line":60,"column":0},"end":{"line":69,"column":2}}},"fnMap":{"0":{"name":"(anonymous_0)","decl":{"start":{"line":16,"column":16},"end":{"line":16,"column":17}},"loc":{"start":{"line":18,"column":2},"end":{"line":57,"column":12}},"line":18},"1":{"name":"(anonymous_1)","decl":{"start":{"line":51,"column":19},"end":{"line":51,"column":20}},"loc":{"start":{"line":52,"column":10},"end":{"line":52,"column":49}},"line":52}},"branchMap":{},"s":{"0":0,"1":0,"2":0,"3":0},"f":{"0":0,"1":0},"b":{},"hash":"68eae1b411b06b9c491d0919af101484999789d5"}
,"C:\\Users\\Dell\\Desktop\\KODOWANIE\\Projects\\Travel-agency\\src\\components\\views\\Country\\CountryContainer.js": {"path":"C:\\Users\\Dell\\Desktop\\KODOWANIE\\Projects\\Travel-agency\\src\\components\\views\\Country\\CountryContainer.js","statementMap":{"0":{"start":{"line":6,"column":24},"end":{"line":14,"column":1}},"1":{"start":{"line":7,"column":18},"end":{"line":7,"column":64}},"2":{"start":{"line":8,"column":16},"end":{"line":8,"column":61}},"3":{"start":{"line":10,"column":2},"end":{"line":13,"column":4}}},"fnMap":{"0":{"name":"(anonymous_0)","decl":{"start":{"line":6,"column":24},"end":{"line":6,"column":25}},"loc":{"start":{"line":6,"column":42},"end":{"line":14,"column":1}},"line":6}},"branchMap":{},"s":{"0":0,"1":0,"2":0,"3":0},"f":{"0":0},"b":{},"hash":"3f35f058195d0af4dfb1ed51114f1e239d708394"}
,"C:\\Users\\Dell\\Desktop\\KODOWANIE\\Projects\\Travel-agency\\src\\components\\views\\Home\\Home.js": {"path":"C:\\Users\\Dell\\Desktop\\KODOWANIE\\Projects\\Travel-agency\\src\\components\\views\\Home\\Home.js","statementMap":{"0":{"start":{"line":9,"column":13},"end":{"line":34,"column":1}},"1":{"start":{"line":10,"column":2},"end":{"line":33,"column":12}}},"fnMap":{"0":{"name":"(anonymous_0)","decl":{"start":{"line":9,"column":13},"end":{"line":9,"column":14}},"loc":{"start":{"line":10,"column":2},"end":{"line":33,"column":12}},"line":10}},"branchMap":{},"s":{"0":0,"1":0},"f":{"0":0},"b":{},"hash":"b1392888b2d8ed7202c74e7ca59460813b5fd707"}
,"C:\\Users\\Dell\\Desktop\\KODOWANIE\\Projects\\Travel-agency\\src\\components\\views\\Info\\Info.js": {"path":"C:\\Users\\Dell\\Desktop\\KODOWANIE\\Projects\\Travel-agency\\src\\components\\views\\Info\\Info.js","statementMap":{"0":{"start":{"line":13,"column":4},"end":{"line":38,"column":6}}},"fnMap":{"0":{"name":"(anonymous_0)","decl":{"start":{"line":12,"column":2},"end":{"line":12,"column":3}},"loc":{"start":{"line":12,"column":11},"end":{"line":39,"column":3}},"line":12}},"branchMap":{},"s":{"0":0},"f":{"0":0},"b":{},"hash":"864f74fdeab679ae8ab8c3c4de20b5c4ee3a48c1"}
,"C:\\Users\\Dell\\Desktop\\KODOWANIE\\Projects\\Travel-agency\\src\\components\\views\\Info\\InfoContainer.js": {"path":"C:\\Users\\Dell\\Desktop\\KODOWANIE\\Projects\\Travel-agency\\src\\components\\views\\Info\\InfoContainer.js","statementMap":{"0":{"start":{"line":4,"column":24},"end":{"line":6,"column":2}},"1":{"start":{"line":4,"column":34},"end":{"line":6,"column":1}}},"fnMap":{"0":{"name":"(anonymous_0)","decl":{"start":{"line":4,"column":24},"end":{"line":4,"column":25}},"loc":{"start":{"line":4,"column":34},"end":{"line":6,"column":1}},"line":4}},"branchMap":{},"s":{"0":0,"1":0},"f":{"0":0},"b":{},"hash":"4e94fbf9d0967797f88f156fa8ddd80398a7f0cf"}
,"C:\\Users\\Dell\\Desktop\\KODOWANIE\\Projects\\Travel-agency\\src\\components\\views\\NotFound\\NotFound.js": {"path":"C:\\Users\\Dell\\Desktop\\KODOWANIE\\Projects\\Travel-agency\\src\\components\\views\\NotFound\\NotFound.js","statementMap":{"0":{"start":{"line":5,"column":17},"end":{"line":11,"column":1}},"1":{"start":{"line":6,"column":2},"end":{"line":10,"column":12}}},"fnMap":{"0":{"name":"(anonymous_0)","decl":{"start":{"line":5,"column":17},"end":{"line":5,"column":18}},"loc":{"start":{"line":6,"column":2},"end":{"line":10,"column":12}},"line":6}},"branchMap":{},"s":{"0":0,"1":0},"f":{"0":0},"b":{},"hash":"16ccc22c179227a0ab893a35a8b2996a7a317c44"}
,"C:\\Users\\Dell\\Desktop\\KODOWANIE\\Projects\\Travel-agency\\src\\components\\views\\Regions\\Regions.js": {"path":"C:\\Users\\Dell\\Desktop\\KODOWANIE\\Projects\\Travel-agency\\src\\components\\views\\Regions\\Regions.js","statementMap":{"0":{"start":{"line":10,"column":16},"end":{"line":40,"column":1}},"1":{"start":{"line":12,"column":2},"end":{"line":38,"column":12}},"2":{"start":{"line":18,"column":8},"end":{"line":33,"column":14}},"3":{"start":{"line":21,"column":12},"end":{"line":30,"column":18}},"4":{"start":{"line":27,"column":18},"end":{"line":27,"column":90}},"5":{"start":{"line":42,"column":0},"end":{"line":46,"column":2}}},"fnMap":{"0":{"name":"(anonymous_0)","decl":{"start":{"line":10,"column":16},"end":{"line":10,"column":17}},"loc":{"start":{"line":12,"column":2},"end":{"line":38,"column":12}},"line":12},"1":{"name":"(anonymous_1)","decl":{"start":{"line":16,"column":32},"end":{"line":16,"column":33}},"loc":{"start":{"line":18,"column":8},"end":{"line":33,"column":14}},"line":18},"2":{"name":"(anonymous_2)","decl":{"start":{"line":20,"column":46},"end":{"line":20,"column":47}},"loc":{"start":{"line":21,"column":12},"end":{"line":30,"column":18}},"line":21},"3":{"name":"(anonymous_3)","decl":{"start":{"line":26,"column":57},"end":{"line":26,"column":58}},"loc":{"start":{"line":27,"column":18},"end":{"line":27,"column":90}},"line":27}},"branchMap":{},"s":{"0":0,"1":0,"2":0,"3":0,"4":0,"5":0},"f":{"0":0,"1":0,"2":0,"3":0},"b":{},"hash":"8d7b58ddf5292764ed28bc3d2909ea83bafcf17e"}
,"C:\\Users\\Dell\\Desktop\\KODOWANIE\\Projects\\Travel-agency\\src\\components\\views\\Regions\\RegionsContainer.js": {"path":"C:\\Users\\Dell\\Desktop\\KODOWANIE\\Projects\\Travel-agency\\src\\components\\views\\Regions\\RegionsContainer.js","statementMap":{"0":{"start":{"line":7,"column":24},"end":{"line":11,"column":2}},"1":{"start":{"line":7,"column":34},"end":{"line":11,"column":1}}},"fnMap":{"0":{"name":"(anonymous_0)","decl":{"start":{"line":7,"column":24},"end":{"line":7,"column":25}},"loc":{"start":{"line":7,"column":34},"end":{"line":11,"column":1}},"line":7}},"branchMap":{},"s":{"0":0,"1":0},"f":{"0":0},"b":{},"hash":"ef258f71c1aa63496de0cbeb6bec035ed031832a"}
,"C:\\Users\\Dell\\Desktop\\KODOWANIE\\Projects\\Travel-agency\\src\\components\\views\\Trip\\Trip.js": {"path":"C:\\Users\\Dell\\Desktop\\KODOWANIE\\Projects\\Travel-agency\\src\\components\\views\\Trip\\Trip.js","statementMap":{"0":{"start":{"line":18,"column":13},"end":{"line":92,"column":1}},"1":{"start":{"line":19,"column":2},"end":{"line":91,"column":4}},"2":{"start":{"line":19,"column":12},"end":{"line":19,"column":32}},"3":{"start":{"line":21,"column":7},"end":{"line":91,"column":4}},"4":{"start":{"line":94,"column":0},"end":{"line":101,"column":2}}},"fnMap":{"0":{"name":"(anonymous_0)","decl":{"start":{"line":18,"column":13},"end":{"line":18,"column":14}},"loc":{"start":{"line":18,"column":80},"end":{"line":92,"column":1}},"line":18}},"branchMap":{"0":{"loc":{"start":{"line":19,"column":2},"end":{"line":91,"column":4}},"type":"if","locations":[{"start":{"line":19,"column":2},"end":{"line":91,"column":4}},{"start":{"line":19,"column":2},"end":{"line":91,"column":4}}],"line":19}},"s":{"0":0,"1":0,"2":0,"3":0,"4":0},"f":{"0":0},"b":{"0":[0,0]},"hash":"ed14a82f6f947cde49abdb085ea8b3e49532c4a4"}
,"C:\\Users\\Dell\\Desktop\\KODOWANIE\\Projects\\Travel-agency\\src\\components\\views\\Trip\\TripContainer.js": {"path":"C:\\Users\\Dell\\Desktop\\KODOWANIE\\Projects\\Travel-agency\\src\\components\\views\\Trip\\TripContainer.js","statementMap":{"0":{"start":{"line":6,"column":24},"end":{"line":13,"column":1}},"1":{"start":{"line":7,"column":15},"end":{"line":7,"column":56}},"2":{"start":{"line":8,"column":18},"end":{"line":8,"column":60}},"3":{"start":{"line":9,"column":2},"end":{"line":12,"column":4}}},"fnMap":{"0":{"name":"(anonymous_0)","decl":{"start":{"line":6,"column":24},"end":{"line":6,"column":25}},"loc":{"start":{"line":6,"column":42},"end":{"line":13,"column":1}},"line":6}},"branchMap":{},"s":{"0":0,"1":0,"2":0,"3":0},"f":{"0":0},"b":{},"hash":"b1c7c0f6b49bc2e1a56ff7e86e1575600c48681b"}
,"C:\\Users\\Dell\\Desktop\\KODOWANIE\\Projects\\Travel-agency\\src\\components\\views\\Trips\\Trips.js": {"path":"C:\\Users\\Dell\\Desktop\\KODOWANIE\\Projects\\Travel-agency\\src\\components\\views\\Trips\\Trips.js","statementMap":{"0":{"start":{"line":11,"column":14},"end":{"line":33,"column":1}},"1":{"start":{"line":12,"column":2},"end":{"line":32,"column":12}},"2":{"start":{"line":22,"column":14},"end":{"line":22,"column":53}},"3":{"start":{"line":35,"column":0},"end":{"line":37,"column":2}}},"fnMap":{"0":{"name":"(anonymous_0)","decl":{"start":{"line":11,"column":14},"end":{"line":11,"column":15}},"loc":{"start":{"line":12,"column":2},"end":{"line":32,"column":12}},"line":12},"1":{"name":"(anonymous_1)","decl":{"start":{"line":21,"column":38},"end":{"line":21,"column":39}},"loc":{"start":{"line":22,"column":14},"end":{"line":22,"column":53}},"line":22}},"branchMap":{"0":{"loc":{"start":{"line":21,"column":13},"end":{"line":25,"column":13}},"type":"cond-expr","locations":[{"start":{"line":21,"column":28},"end":{"line":23,"column":14}},{"start":{"line":24,"column":14},"end":{"line":24,"column":72}}],"line":21}},"s":{"0":0,"1":0,"2":0,"3":0},"f":{"0":0,"1":0},"b":{"0":[0,0]},"hash":"ac0d7375bc14b102ca68ae3fc7bfe70e627d9f58"}
,"C:\\Users\\Dell\\Desktop\\KODOWANIE\\Projects\\Travel-agency\\src\\components\\views\\Trips\\TripsContainer.js": {"path":"C:\\Users\\Dell\\Desktop\\KODOWANIE\\Projects\\Travel-agency\\src\\components\\views\\Trips\\TripsContainer.js","statementMap":{"0":{"start":{"line":5,"column":24},"end":{"line":9,"column":1}},"1":{"start":{"line":6,"column":2},"end":{"line":8,"column":4}}},"fnMap":{"0":{"name":"(anonymous_0)","decl":{"start":{"line":5,"column":24},"end":{"line":5,"column":25}},"loc":{"start":{"line":5,"column":35},"end":{"line":9,"column":1}},"line":5}},"branchMap":{},"s":{"0":0,"1":0},"f":{"0":0},"b":{},"hash":"20455be079edf7310cba2b1918d7f8f2190f7450"}
,"C:\\Users\\Dell\\Desktop\\KODOWANIE\\Projects\\Travel-agency\\src\\data\\tripGenerator.js": {"path":"C:\\Users\\Dell\\Desktop\\KODOWANIE\\Projects\\Travel-agency\\src\\data\\tripGenerator.js","statementMap":{"0":{"start":{"line":15,"column":0},"end":{"line":324,"column":1}},"1":{"start":{"line":20,"column":24},"end":{"line":271,"column":9}},"2":{"start":{"line":272,"column":25},"end":{"line":272,"column":82}},"3":{"start":{"line":273,"column":8},"end":{"line":276,"column":10}},"4":{"start":{"line":280,"column":20},"end":{"line":280,"column":214}},"5":{"start":{"line":281,"column":21},"end":{"line":281,"column":80}},"6":{"start":{"line":283,"column":8},"end":{"line":285,"column":109}},"7":{"start":{"line":283,"column":74},"end":{"line":283,"column":106}},"8":{"start":{"line":289,"column":8},"end":{"line":289,"column":35}},"9":{"start":{"line":293,"column":21},"end":{"line":293,"column":37}},"10":{"start":{"line":294,"column":8},"end":{"line":294,"column":58}},"11":{"start":{"line":298,"column":8},"end":{"line":298,"column":150}},"12":{"start":{"line":302,"column":8},"end":{"line":302,"column":127}},"13":{"start":{"line":306,"column":24},"end":{"line":306,"column":109}},"14":{"start":{"line":307,"column":20},"end":{"line":307,"column":22}},"15":{"start":{"line":309,"column":8},"end":{"line":311,"column":9}},"16":{"start":{"line":309,"column":18},"end":{"line":309,"column":19}},"17":{"start":{"line":310,"column":10},"end":{"line":310,"column":78}},"18":{"start":{"line":312,"column":8},"end":{"line":312,"column":19}},"19":{"start":{"line":316,"column":8},"end":{"line":316,"column":64}},"20":{"start":{"line":320,"column":8},"end":{"line":320,"column":100}}},"fnMap":{"0":{"name":"(anonymous_0)","decl":{"start":{"line":19,"column":6},"end":{"line":19,"column":7}},"loc":{"start":{"line":19,"column":19},"end":{"line":277,"column":7}},"line":19},"1":{"name":"(anonymous_1)","decl":{"start":{"line":279,"column":6},"end":{"line":279,"column":7}},"loc":{"start":{"line":279,"column":16},"end":{"line":286,"column":7}},"line":279},"2":{"name":"(anonymous_2)","decl":{"start":{"line":283,"column":69},"end":{"line":283,"column":70}},"loc":{"start":{"line":283,"column":74},"end":{"line":283,"column":106}},"line":283},"3":{"name":"(anonymous_3)","decl":{"start":{"line":288,"column":6},"end":{"line":288,"column":7}},"loc":{"start":{"line":288,"column":16},"end":{"line":290,"column":7}},"line":288},"4":{"name":"(anonymous_4)","decl":{"start":{"line":292,"column":6},"end":{"line":292,"column":7}},"loc":{"start":{"line":292,"column":16},"end":{"line":295,"column":7}},"line":292},"5":{"name":"(anonymous_5)","decl":{"start":{"line":297,"column":6},"end":{"line":297,"column":7}},"loc":{"start":{"line":297,"column":17},"end":{"line":299,"column":7}},"line":297},"6":{"name":"(anonymous_6)","decl":{"start":{"line":301,"column":6},"end":{"line":301,"column":7}},"loc":{"start":{"line":301,"column":20},"end":{"line":303,"column":7}},"line":301},"7":{"name":"(anonymous_7)","decl":{"start":{"line":305,"column":6},"end":{"line":305,"column":7}},"loc":{"start":{"line":305,"column":16},"end":{"line":313,"column":7}},"line":305},"8":{"name":"(anonymous_8)","decl":{"start":{"line":315,"column":6},"end":{"line":315,"column":7}},"loc":{"start":{"line":315,"column":18},"end":{"line":317,"column":7}},"line":315},"9":{"name":"(anonymous_9)","decl":{"start":{"line":319,"column":6},"end":{"line":319,"column":7}},"loc":{"start":{"line":319,"column":24},"end":{"line":321,"column":7}},"line":319}},"branchMap":{},"s":{"0":0,"1":0,"2":0,"3":0,"4":0,"5":0,"6":0,"7":0,"8":0,"9":0,"10":0,"11":0,"12":0,"13":0,"14":0,"15":0,"16":0,"17":0,"18":0,"19":0,"20":0},"f":{"0":0,"1":0,"2":0,"3":0,"4":0,"5":0,"6":0,"7":0,"8":0,"9":0},"b":{},"hash":"1ec6c0205a7b5d6270be916fe900e02e18e53705"}
,"C:\\Users\\Dell\\Desktop\\KODOWANIE\\Projects\\Travel-agency\\src\\redux\\countriesRedux.js": {"path":"C:\\Users\\Dell\\Desktop\\KODOWANIE\\Projects\\Travel-agency\\src\\redux\\countriesRedux.js","statementMap":{"0":{"start":{"line":3,"column":31},"end":{"line":3,"column":57}},"1":{"start":{"line":3,"column":48},"end":{"line":3,"column":57}},"2":{"start":{"line":4,"column":32},"end":{"line":4,"column":84}},"3":{"start":{"line":4,"column":62},"end":{"line":4,"column":84}}},"fnMap":{"0":{"name":"(anonymous_0)","decl":{"start":{"line":3,"column":31},"end":{"line":3,"column":32}},"loc":{"start":{"line":3,"column":48},"end":{"line":3,"column":57}},"line":3},"1":{"name":"(anonymous_1)","decl":{"start":{"line":4,"column":32},"end":{"line":4,"column":33}},"loc":{"start":{"line":4,"column":62},"end":{"line":4,"column":84}},"line":4}},"branchMap":{},"s":{"0":0,"1":0,"2":0,"3":0},"f":{"0":0,"1":0},"b":{},"hash":"589c151d72c3ddf941641d947dfb75ef9d4fba9b"}
,"C:\\Users\\Dell\\Desktop\\KODOWANIE\\Projects\\Travel-agency\\src\\redux\\filtersRedux.js": {"path":"C:\\Users\\Dell\\Desktop\\KODOWANIE\\Projects\\Travel-agency\\src\\redux\\filtersRedux.js","statementMap":{"0":{"start":{"line":3,"column":29},"end":{"line":3,"column":51}},"1":{"start":{"line":3,"column":44},"end":{"line":3,"column":51}},"2":{"start":{"line":8,"column":20},"end":{"line":8,"column":29}},"3":{"start":{"line":9,"column":25},"end":{"line":9,"column":71}},"4":{"start":{"line":9,"column":33},"end":{"line":9,"column":71}},"5":{"start":{"line":12,"column":29},"end":{"line":12,"column":62}},"6":{"start":{"line":15,"column":31},"end":{"line":15,"column":66}},"7":{"start":{"line":16,"column":23},"end":{"line":16,"column":50}},"8":{"start":{"line":17,"column":26},"end":{"line":17,"column":56}},"9":{"start":{"line":20,"column":34},"end":{"line":20,"column":79}},"10":{"start":{"line":20,"column":46},"end":{"line":20,"column":78}},"11":{"start":{"line":22,"column":30},"end":{"line":22,"column":77}},"12":{"start":{"line":22,"column":42},"end":{"line":22,"column":76}},"13":{"start":{"line":23,"column":22},"end":{"line":23,"column":61}},"14":{"start":{"line":23,"column":34},"end":{"line":23,"column":60}},"15":{"start":{"line":24,"column":25},"end":{"line":24,"column":66}},"16":{"start":{"line":24,"column":37},"end":{"line":24,"column":65}},"17":{"start":{"line":28,"column":2},"end":{"line":58,"column":3}},"18":{"start":{"line":30,"column":6},"end":{"line":33,"column":8}},"19":{"start":{"line":36,"column":6},"end":{"line":39,"column":8}},"20":{"start":{"line":42,"column":6},"end":{"line":45,"column":8}},"21":{"start":{"line":44,"column":44},"end":{"line":44,"column":66}},"22":{"start":{"line":48,"column":6},"end":{"line":54,"column":8}},"23":{"start":{"line":57,"column":6},"end":{"line":57,"column":23}}},"fnMap":{"0":{"name":"(anonymous_0)","decl":{"start":{"line":3,"column":29},"end":{"line":3,"column":30}},"loc":{"start":{"line":3,"column":44},"end":{"line":3,"column":51}},"line":3},"1":{"name":"(anonymous_1)","decl":{"start":{"line":9,"column":25},"end":{"line":9,"column":26}},"loc":{"start":{"line":9,"column":33},"end":{"line":9,"column":71}},"line":9},"2":{"name":"(anonymous_2)","decl":{"start":{"line":20,"column":34},"end":{"line":20,"column":35}},"loc":{"start":{"line":20,"column":46},"end":{"line":20,"column":78}},"line":20},"3":{"name":"(anonymous_3)","decl":{"start":{"line":22,"column":30},"end":{"line":22,"column":31}},"loc":{"start":{"line":22,"column":42},"end":{"line":22,"column":76}},"line":22},"4":{"name":"(anonymous_4)","decl":{"start":{"line":23,"column":22},"end":{"line":23,"column":23}},"loc":{"start":{"line":23,"column":34},"end":{"line":23,"column":60}},"line":23},"5":{"name":"(anonymous_5)","decl":{"start":{"line":24,"column":25},"end":{"line":24,"column":26}},"loc":{"start":{"line":24,"column":37},"end":{"line":24,"column":65}},"line":24},"6":{"name":"reducer","decl":{"start":{"line":27,"column":24},"end":{"line":27,"column":31}},"loc":{"start":{"line":27,"column":61},"end":{"line":59,"column":1}},"line":27},"7":{"name":"(anonymous_7)","decl":{"start":{"line":44,"column":37},"end":{"line":44,"column":38}},"loc":{"start":{"line":44,"column":44},"end":{"line":44,"column":66}},"line":44}},"branchMap":{"0":{"loc":{"start":{"line":27,"column":32},"end":{"line":27,"column":46}},"type":"default-arg","locations":[{"start":{"line":27,"column":44},"end":{"line":27,"column":46}}],"line":27},"1":{"loc":{"start":{"line":27,"column":48},"end":{"line":27,"column":59}},"type":"default-arg","locations":[{"start":{"line":27,"column":57},"end":{"line":27,"column":59}}],"line":27},"2":{"loc":{"start":{"line":28,"column":2},"end":{"line":58,"column":3}},"type":"switch","locations":[{"start":{"line":29,"column":4},"end":{"line":33,"column":8}},{"start":{"line":35,"column":4},"end":{"line":39,"column":8}},{"start":{"line":41,"column":4},"end":{"line":45,"column":8}},{"start":{"line":47,"column":4},"end":{"line":54,"column":8}},{"start":{"line":56,"column":4},"end":{"line":57,"column":23}}],"line":28}},"s":{"0":0,"1":0,"2":0,"3":0,"4":0,"5":0,"6":0,"7":0,"8":0,"9":0,"10":0,"11":0,"12":0,"13":0,"14":0,"15":0,"16":0,"17":0,"18":0,"19":0,"20":0,"21":0,"22":0,"23":0},"f":{"0":0,"1":0,"2":0,"3":0,"4":0,"5":0,"6":0,"7":0},"b":{"0":[0],"1":[0],"2":[0,0,0,0,0]},"hash":"524152ebe2b37de7a0ac89ba9b91fa2d84b2b2c4"}
,"C:\\Users\\Dell\\Desktop\\KODOWANIE\\Projects\\Travel-agency\\src\\redux\\globalRedux.js": {"path":"C:\\Users\\Dell\\Desktop\\KODOWANIE\\Projects\\Travel-agency\\src\\redux\\globalRedux.js","statementMap":{"0":{"start":{"line":7,"column":20},"end":{"line":7,"column":28}},"1":{"start":{"line":8,"column":25},"end":{"line":8,"column":61}},"2":{"start":{"line":8,"column":33},"end":{"line":8,"column":61}},"3":{"start":{"line":11,"column":35},"end":{"line":11,"column":74}},"4":{"start":{"line":14,"column":33},"end":{"line":14,"column":84}},"5":{"start":{"line":14,"column":45},"end":{"line":14,"column":83}},"6":{"start":{"line":18,"column":2},"end":{"line":27,"column":3}},"7":{"start":{"line":20,"column":6},"end":{"line":23,"column":8}},"8":{"start":{"line":26,"column":6},"end":{"line":26,"column":19}}},"fnMap":{"0":{"name":"(anonymous_0)","decl":{"start":{"line":8,"column":25},"end":{"line":8,"column":26}},"loc":{"start":{"line":8,"column":33},"end":{"line":8,"column":61}},"line":8},"1":{"name":"(anonymous_1)","decl":{"start":{"line":14,"column":33},"end":{"line":14,"column":34}},"loc":{"start":{"line":14,"column":45},"end":{"line":14,"column":83}},"line":14},"2":{"name":"reducer","decl":{"start":{"line":17,"column":24},"end":{"line":17,"column":31}},"loc":{"start":{"line":17,"column":57},"end":{"line":28,"column":1}},"line":17}},"branchMap":{"0":{"loc":{"start":{"line":17,"column":32},"end":{"line":17,"column":42}},"type":"default-arg","locations":[{"start":{"line":17,"column":40},"end":{"line":17,"column":42}}],"line":17},"1":{"loc":{"start":{"line":17,"column":44},"end":{"line":17,"column":55}},"type":"default-arg","locations":[{"start":{"line":17,"column":53},"end":{"line":17,"column":55}}],"line":17},"2":{"loc":{"start":{"line":18,"column":2},"end":{"line":27,"column":3}},"type":"switch","locations":[{"start":{"line":19,"column":4},"end":{"line":24,"column":5}},{"start":{"line":25,"column":4},"end":{"line":26,"column":19}}],"line":18}},"s":{"0":0,"1":0,"2":0,"3":0,"4":0,"5":0,"6":0,"7":0,"8":0},"f":{"0":0,"1":0,"2":0},"b":{"0":[0],"1":[0],"2":[0,0]},"hash":"7a66900b70d115e22048ba6d8d222661f7098cc9"}
,"C:\\Users\\Dell\\Desktop\\KODOWANIE\\Projects\\Travel-agency\\src\\redux\\orderRedux.js": {"path":"C:\\Users\\Dell\\Desktop\\KODOWANIE\\Projects\\Travel-agency\\src\\redux\\orderRedux.js","statementMap":{"0":{"start":{"line":2,"column":24},"end":{"line":2,"column":42}},"1":{"start":{"line":2,"column":37},"end":{"line":2,"column":42}},"2":{"start":{"line":3,"column":31},"end":{"line":3,"column":57}},"3":{"start":{"line":3,"column":44},"end":{"line":3,"column":57}},"4":{"start":{"line":6,"column":20},"end":{"line":6,"column":27}},"5":{"start":{"line":7,"column":25},"end":{"line":7,"column":67}},"6":{"start":{"line":7,"column":33},"end":{"line":7,"column":67}},"7":{"start":{"line":10,"column":26},"end":{"line":10,"column":56}},"8":{"start":{"line":13,"column":30},"end":{"line":13,"column":72}},"9":{"start":{"line":13,"column":42},"end":{"line":13,"column":71}},"10":{"start":{"line":17,"column":2},"end":{"line":28,"column":3}},"11":{"start":{"line":19,"column":6},"end":{"line":25,"column":8}},"12":{"start":{"line":27,"column":6},"end":{"line":27,"column":23}}},"fnMap":{"0":{"name":"(anonymous_0)","decl":{"start":{"line":2,"column":24},"end":{"line":2,"column":25}},"loc":{"start":{"line":2,"column":37},"end":{"line":2,"column":42}},"line":2},"1":{"name":"(anonymous_1)","decl":{"start":{"line":3,"column":31},"end":{"line":3,"column":32}},"loc":{"start":{"line":3,"column":44},"end":{"line":3,"column":57}},"line":3},"2":{"name":"(anonymous_2)","decl":{"start":{"line":7,"column":25},"end":{"line":7,"column":26}},"loc":{"start":{"line":7,"column":33},"end":{"line":7,"column":67}},"line":7},"3":{"name":"(anonymous_3)","decl":{"start":{"line":13,"column":30},"end":{"line":13,"column":31}},"loc":{"start":{"line":13,"column":42},"end":{"line":13,"column":71}},"line":13},"4":{"name":"reducer","decl":{"start":{"line":16,"column":24},"end":{"line":16,"column":31}},"loc":{"start":{"line":16,"column":61},"end":{"line":29,"column":1}},"line":16}},"branchMap":{"0":{"loc":{"start":{"line":16,"column":32},"end":{"line":16,"column":46}},"type":"default-arg","locations":[{"start":{"line":16,"column":44},"end":{"line":16,"column":46}}],"line":16},"1":{"loc":{"start":{"line":16,"column":48},"end":{"line":16,"column":59}},"type":"default-arg","locations":[{"start":{"line":16,"column":57},"end":{"line":16,"column":59}}],"line":16},"2":{"loc":{"start":{"line":17,"column":2},"end":{"line":28,"column":3}},"type":"switch","locations":[{"start":{"line":18,"column":4},"end":{"line":25,"column":8}},{"start":{"line":26,"column":4},"end":{"line":27,"column":23}}],"line":17}},"s":{"0":0,"1":0,"2":0,"3":0,"4":0,"5":0,"6":0,"7":0,"8":0,"9":0,"10":0,"11":0,"12":0},"f":{"0":0,"1":0,"2":0,"3":0,"4":0},"b":{"0":[0],"1":[0],"2":[0,0]},"hash":"64869f4012d2eb4204b2d1581007b46064616858"}
,"C:\\Users\\Dell\\Desktop\\KODOWANIE\\Projects\\Travel-agency\\src\\redux\\regionsRedux.js": {"path":"C:\\Users\\Dell\\Desktop\\KODOWANIE\\Projects\\Travel-agency\\src\\redux\\regionsRedux.js","statementMap":{"0":{"start":{"line":3,"column":29},"end":{"line":3,"column":51}},"1":{"start":{"line":3,"column":44},"end":{"line":3,"column":51}},"2":{"start":{"line":4,"column":25},"end":{"line":4,"column":71}},"3":{"start":{"line":4,"column":52},"end":{"line":4,"column":71}}},"fnMap":{"0":{"name":"(anonymous_0)","decl":{"start":{"line":3,"column":29},"end":{"line":3,"column":30}},"loc":{"start":{"line":3,"column":44},"end":{"line":3,"column":51}},"line":3},"1":{"name":"(anonymous_1)","decl":{"start":{"line":4,"column":25},"end":{"line":4,"column":26}},"loc":{"start":{"line":4,"column":52},"end":{"line":4,"column":71}},"line":4}},"branchMap":{},"s":{"0":0,"1":0,"2":0,"3":0},"f":{"0":0,"1":0},"b":{},"hash":"2476592578a58e18d14a51aec8236ab73691e616"}
,"C:\\Users\\Dell\\Desktop\\KODOWANIE\\Projects\\Travel-agency\\src\\redux\\store.js": {"path":"C:\\Users\\Dell\\Desktop\\KODOWANIE\\Projects\\Travel-agency\\src\\redux\\store.js","statementMap":{"0":{"start":{"line":9,"column":21},"end":{"line":29,"column":1}},"1":{"start":{"line":32,"column":17},"end":{"line":35,"column":1}},"2":{"start":{"line":38,"column":0},"end":{"line":42,"column":3}},"3":{"start":{"line":39,"column":2},"end":{"line":41,"column":3}},"4":{"start":{"line":40,"column":4},"end":{"line":40,"column":53}},"5":{"start":{"line":40,"column":43},"end":{"line":40,"column":52}},"6":{"start":{"line":45,"column":25},"end":{"line":45,"column":50}},"7":{"start":{"line":48,"column":21},"end":{"line":51,"column":1}},"8":{"start":{"line":49,"column":24},"end":{"line":49,"column":52}},"9":{"start":{"line":50,"column":2},"end":{"line":50,"column":49}},"10":{"start":{"line":62,"column":14},"end":{"line":66,"column":1}}},"fnMap":{"0":{"name":"(anonymous_0)","decl":{"start":{"line":38,"column":34},"end":{"line":38,"column":35}},"loc":{"start":{"line":38,"column":42},"end":{"line":42,"column":1}},"line":38},"1":{"name":"(anonymous_1)","decl":{"start":{"line":40,"column":21},"end":{"line":40,"column":22}},"loc":{"start":{"line":40,"column":43},"end":{"line":40,"column":52}},"line":40},"2":{"name":"(anonymous_2)","decl":{"start":{"line":48,"column":21},"end":{"line":48,"column":22}},"loc":{"start":{"line":48,"column":40},"end":{"line":51,"column":1}},"line":48}},"branchMap":{"0":{"loc":{"start":{"line":39,"column":2},"end":{"line":41,"column":3}},"type":"if","locations":[{"start":{"line":39,"column":2},"end":{"line":41,"column":3}},{"start":{"line":39,"column":2},"end":{"line":41,"column":3}}],"line":39},"1":{"loc":{"start":{"line":40,"column":22},"end":{"line":40,"column":38}},"type":"default-arg","locations":[{"start":{"line":40,"column":34},"end":{"line":40,"column":38}}],"line":40},"2":{"loc":{"start":{"line":65,"column":2},"end":{"line":65,"column":78}},"type":"binary-expr","locations":[{"start":{"line":65,"column":2},"end":{"line":65,"column":37}},{"start":{"line":65,"column":41},"end":{"line":65,"column":78}}],"line":65}},"s":{"0":0,"1":0,"2":0,"3":0,"4":0,"5":0,"6":0,"7":0,"8":0,"9":0,"10":0},"f":{"0":0,"1":0,"2":0},"b":{"0":[0,0],"1":[0],"2":[0,0]},"hash":"769b1cb4650f61f5250551784e3cfbc50cf174eb"}
,"C:\\Users\\Dell\\Desktop\\KODOWANIE\\Projects\\Travel-agency\\src\\redux\\subregionsRedux.js": {"path":"C:\\Users\\Dell\\Desktop\\KODOWANIE\\Projects\\Travel-agency\\src\\redux\\subregionsRedux.js","statementMap":{"0":{"start":{"line":3,"column":32},"end":{"line":3,"column":60}},"1":{"start":{"line":3,"column":50},"end":{"line":3,"column":60}},"2":{"start":{"line":4,"column":28},"end":{"line":4,"column":86}},"3":{"start":{"line":4,"column":61},"end":{"line":4,"column":86}}},"fnMap":{"0":{"name":"(anonymous_0)","decl":{"start":{"line":3,"column":32},"end":{"line":3,"column":33}},"loc":{"start":{"line":3,"column":50},"end":{"line":3,"column":60}},"line":3},"1":{"name":"(anonymous_1)","decl":{"start":{"line":4,"column":28},"end":{"line":4,"column":29}},"loc":{"start":{"line":4,"column":61},"end":{"line":4,"column":86}},"line":4}},"branchMap":{},"s":{"0":0,"1":0,"2":0,"3":0},"f":{"0":0,"1":0},"b":{},"hash":"8f34eb75ef78e14a13a87b649a883712584dcdff"}
,"C:\\Users\\Dell\\Desktop\\KODOWANIE\\Projects\\Travel-agency\\src\\redux\\tagsRedux.js": {"path":"C:\\Users\\Dell\\Desktop\\KODOWANIE\\Projects\\Travel-agency\\src\\redux\\tagsRedux.js","statementMap":{"0":{"start":{"line":3,"column":26},"end":{"line":3,"column":42}},"1":{"start":{"line":3,"column":38},"end":{"line":3,"column":42}},"2":{"start":{"line":4,"column":28},"end":{"line":4,"column":62}},"3":{"start":{"line":4,"column":49},"end":{"line":4,"column":62}}},"fnMap":{"0":{"name":"(anonymous_0)","decl":{"start":{"line":3,"column":26},"end":{"line":3,"column":27}},"loc":{"start":{"line":3,"column":38},"end":{"line":3,"column":42}},"line":3},"1":{"name":"(anonymous_1)","decl":{"start":{"line":4,"column":28},"end":{"line":4,"column":29}},"loc":{"start":{"line":4,"column":49},"end":{"line":4,"column":62}},"line":4}},"branchMap":{},"s":{"0":0,"1":0,"2":0,"3":0},"f":{"0":0,"1":0},"b":{},"hash":"5cc3ef1791f9509ae62a26cde4bf4dd9f7ec1495"}
,"C:\\Users\\Dell\\Desktop\\KODOWANIE\\Projects\\Travel-agency\\src\\redux\\tripsRedux.js": {"path":"C:\\Users\\Dell\\Desktop\\KODOWANIE\\Projects\\Travel-agency\\src\\redux\\tripsRedux.js","statementMap":{"0":{"start":{"line":3,"column":27},"end":{"line":3,"column":45}},"1":{"start":{"line":3,"column":40},"end":{"line":3,"column":45}},"2":{"start":{"line":5,"column":32},"end":{"line":50,"column":1}},"3":{"start":{"line":6,"column":15},"end":{"line":6,"column":20}},"4":{"start":{"line":9,"column":2},"end":{"line":12,"column":3}},"5":{"start":{"line":10,"column":20},"end":{"line":10,"column":57}},"6":{"start":{"line":11,"column":4},"end":{"line":11,"column":60}},"7":{"start":{"line":11,"column":35},"end":{"line":11,"column":58}},"8":{"start":{"line":15,"column":2},"end":{"line":25,"column":3}},"9":{"start":{"line":20,"column":4},"end":{"line":23,"column":6}},"10":{"start":{"line":21,"column":7},"end":{"line":22,"column":51}},"11":{"start":{"line":28,"column":2},"end":{"line":38,"column":3}},"12":{"start":{"line":31,"column":4},"end":{"line":36,"column":5}},"13":{"start":{"line":33,"column":6},"end":{"line":35,"column":8}},"14":{"start":{"line":34,"column":8},"end":{"line":34,"column":31}},"15":{"start":{"line":41,"column":2},"end":{"line":47,"column":3}},"16":{"start":{"line":42,"column":4},"end":{"line":42,"column":46}},"17":{"start":{"line":43,"column":19},"end":{"line":43,"column":21}},"18":{"start":{"line":44,"column":4},"end":{"line":46,"column":5}},"19":{"start":{"line":45,"column":6},"end":{"line":45,"column":39}},"20":{"start":{"line":49,"column":2},"end":{"line":49,"column":16}},"21":{"start":{"line":52,"column":27},"end":{"line":55,"column":1}},"22":{"start":{"line":54,"column":2},"end":{"line":54,"column":49}},"23":{"start":{"line":54,"column":29},"end":{"line":54,"column":47}},"24":{"start":{"line":57,"column":34},"end":{"line":64,"column":1}},"25":{"start":{"line":58,"column":19},"end":{"line":60,"column":3}},"26":{"start":{"line":59,"column":12},"end":{"line":59,"column":44}},"27":{"start":{"line":62,"column":2},"end":{"line":62,"column":72}},"28":{"start":{"line":63,"column":2},"end":{"line":63,"column":54}}},"fnMap":{"0":{"name":"(anonymous_0)","decl":{"start":{"line":3,"column":27},"end":{"line":3,"column":28}},"loc":{"start":{"line":3,"column":40},"end":{"line":3,"column":45}},"line":3},"1":{"name":"(anonymous_1)","decl":{"start":{"line":5,"column":32},"end":{"line":5,"column":33}},"loc":{"start":{"line":5,"column":54},"end":{"line":50,"column":1}},"line":5},"2":{"name":"(anonymous_2)","decl":{"start":{"line":11,"column":27},"end":{"line":11,"column":28}},"loc":{"start":{"line":11,"column":35},"end":{"line":11,"column":58}},"line":11},"3":{"name":"(anonymous_3)","decl":{"start":{"line":20,"column":27},"end":{"line":20,"column":28}},"loc":{"start":{"line":21,"column":7},"end":{"line":22,"column":51}},"line":21},"4":{"name":"(anonymous_4)","decl":{"start":{"line":33,"column":29},"end":{"line":33,"column":30}},"loc":{"start":{"line":34,"column":8},"end":{"line":34,"column":31}},"line":34},"5":{"name":"(anonymous_5)","decl":{"start":{"line":52,"column":27},"end":{"line":52,"column":28}},"loc":{"start":{"line":52,"column":48},"end":{"line":55,"column":1}},"line":52},"6":{"name":"(anonymous_6)","decl":{"start":{"line":54,"column":21},"end":{"line":54,"column":22}},"loc":{"start":{"line":54,"column":29},"end":{"line":54,"column":47}},"line":54},"7":{"name":"(anonymous_7)","decl":{"start":{"line":57,"column":34},"end":{"line":57,"column":35}},"loc":{"start":{"line":57,"column":60},"end":{"line":64,"column":1}},"line":57},"8":{"name":"(anonymous_8)","decl":{"start":{"line":59,"column":4},"end":{"line":59,"column":5}},"loc":{"start":{"line":59,"column":12},"end":{"line":59,"column":44}},"line":59}},"branchMap":{"0":{"loc":{"start":{"line":9,"column":2},"end":{"line":12,"column":3}},"type":"if","locations":[{"start":{"line":9,"column":2},"end":{"line":12,"column":3}},{"start":{"line":9,"column":2},"end":{"line":12,"column":3}}],"line":9},"1":{"loc":{"start":{"line":15,"column":2},"end":{"line":25,"column":3}},"type":"if","locations":[{"start":{"line":15,"column":2},"end":{"line":25,"column":3}},{"start":{"line":15,"column":2},"end":{"line":25,"column":3}}],"line":15},"2":{"loc":{"start":{"line":21,"column":7},"end":{"line":22,"column":51}},"type":"binary-expr","locations":[{"start":{"line":21,"column":7},"end":{"line":21,"column":51}},{"start":{"line":22,"column":9},"end":{"line":22,"column":51}}],"line":21},"3":{"loc":{"start":{"line":28,"column":2},"end":{"line":38,"column":3}},"type":"if","locations":[{"start":{"line":28,"column":2},"end":{"line":38,"column":3}},{"start":{"line":28,"column":2},"end":{"line":38,"column":3}}],"line":28},"4":{"loc":{"start":{"line":41,"column":2},"end":{"line":47,"column":3}},"type":"if","locations":[{"start":{"line":41,"column":2},"end":{"line":47,"column":3}},{"start":{"line":41,"column":2},"end":{"line":47,"column":3}}],"line":41},"5":{"loc":{"start":{"line":63,"column":9},"end":{"line":63,"column":53}},"type":"cond-expr","locations":[{"start":{"line":63,"column":27},"end":{"line":63,"column":35}},{"start":{"line":63,"column":38},"end":{"line":63,"column":53}}],"line":63}},"s":{"0":0,"1":0,"2":0,"3":0,"4":0,"5":0,"6":0,"7":0,"8":0,"9":0,"10":0,"11":0,"12":0,"13":0,"14":0,"15":0,"16":0,"17":0,"18":0,"19":0,"20":0,"21":0,"22":0,"23":0,"24":0,"25":0,"26":0,"27":0,"28":0},"f":{"0":0,"1":0,"2":0,"3":0,"4":0,"5":0,"6":0,"7":0,"8":0},"b":{"0":[0,0],"1":[0,0],"2":[0,0],"3":[0,0],"4":[0,0],"5":[0,0]},"hash":"7b7bc0be9cb26e887289da142c2e12a2f99bc185"}
,"C:\\Users\\Dell\\Desktop\\KODOWANIE\\Projects\\Travel-agency\\src\\utils\\calculateTotal.js": {"path":"C:\\Users\\Dell\\Desktop\\KODOWANIE\\Projects\\Travel-agency\\src\\utils\\calculateTotal.js","statementMap":{"0":{"start":{"line":4,"column":30},"end":{"line":44,"column":1}},"1":{"start":{"line":5,"column":14},"end":{"line":5,"column":46}},"2":{"start":{"line":6,"column":19},"end":{"line":6,"column":20}},"3":{"start":{"line":7,"column":2},"end":{"line":42,"column":3}},"4":{"start":{"line":8,"column":25},"end":{"line":8,"column":43}},"5":{"start":{"line":9,"column":4},"end":{"line":41,"column":5}},"6":{"start":{"line":10,"column":6},"end":{"line":40,"column":7}},"7":{"start":{"line":11,"column":8},"end":{"line":20,"column":9}},"8":{"start":{"line":12,"column":24},"end":{"line":12,"column":74}},"9":{"start":{"line":12,"column":52},"end":{"line":12,"column":70}},"10":{"start":{"line":13,"column":24},"end":{"line":13,"column":53}},"11":{"start":{"line":14,"column":10},"end":{"line":19,"column":11}},"12":{"start":{"line":15,"column":12},"end":{"line":15,"column":38}},"13":{"start":{"line":17,"column":15},"end":{"line":19,"column":11}},"14":{"start":{"line":18,"column":12},"end":{"line":18,"column":33}},"15":{"start":{"line":22,"column":11},"end":{"line":40,"column":7}},"16":{"start":{"line":23,"column":22},"end":{"line":23,"column":76}},"17":{"start":{"line":23,"column":50},"end":{"line":23,"column":72}},"18":{"start":{"line":24,"column":22},"end":{"line":24,"column":51}},"19":{"start":{"line":25,"column":8},"end":{"line":30,"column":9}},"20":{"start":{"line":26,"column":10},"end":{"line":26,"column":36}},"21":{"start":{"line":28,"column":13},"end":{"line":30,"column":9}},"22":{"start":{"line":29,"column":10},"end":{"line":29,"column":31}},"23":{"start":{"line":32,"column":11},"end":{"line":40,"column":7}},"24":{"start":{"line":33,"column":22},"end":{"line":33,"column":52}},"25":{"start":{"line":34,"column":8},"end":{"line":39,"column":9}},"26":{"start":{"line":35,"column":10},"end":{"line":35,"column":51}},"27":{"start":{"line":37,"column":13},"end":{"line":39,"column":9}},"28":{"start":{"line":38,"column":10},"end":{"line":38,"column":46}},"29":{"start":{"line":43,"column":2},"end":{"line":43,"column":28}}},"fnMap":{"0":{"name":"(anonymous_0)","decl":{"start":{"line":4,"column":30},"end":{"line":4,"column":31}},"loc":{"start":{"line":4,"column":53},"end":{"line":44,"column":1}},"line":4},"1":{"name":"(anonymous_1)","decl":{"start":{"line":12,"column":45},"end":{"line":12,"column":46}},"loc":{"start":{"line":12,"column":52},"end":{"line":12,"column":70}},"line":12},"2":{"name":"(anonymous_2)","decl":{"start":{"line":23,"column":43},"end":{"line":23,"column":44}},"loc":{"start":{"line":23,"column":50},"end":{"line":23,"column":72}},"line":23}},"branchMap":{"0":{"loc":{"start":{"line":9,"column":4},"end":{"line":41,"column":5}},"type":"if","locations":[{"start":{"line":9,"column":4},"end":{"line":41,"column":5}},{"start":{"line":9,"column":4},"end":{"line":41,"column":5}}],"line":9},"1":{"loc":{"start":{"line":10,"column":6},"end":{"line":40,"column":7}},"type":"if","locations":[{"start":{"line":10,"column":6},"end":{"line":40,"column":7}},{"start":{"line":10,"column":6},"end":{"line":40,"column":7}}],"line":10},"2":{"loc":{"start":{"line":10,"column":10},"end":{"line":10,"column":69}},"type":"binary-expr","locations":[{"start":{"line":10,"column":10},"end":{"line":10,"column":37}},{"start":{"line":10,"column":41},"end":{"line":10,"column":69}}],"line":10},"3":{"loc":{"start":{"line":14,"column":10},"end":{"line":19,"column":11}},"type":"if","locations":[{"start":{"line":14,"column":10},"end":{"line":19,"column":11}},{"start":{"line":14,"column":10},"end":{"line":19,"column":11}}],"line":14},"4":{"loc":{"start":{"line":17,"column":15},"end":{"line":19,"column":11}},"type":"if","locations":[{"start":{"line":17,"column":15},"end":{"line":19,"column":11}},{"start":{"line":17,"column":15},"end":{"line":19,"column":11}}],"line":17},"5":{"loc":{"start":{"line":22,"column":11},"end":{"line":40,"column":7}},"type":"if","locations":[{"start":{"line":22,"column":11},"end":{"line":40,"column":7}},{"start":{"line":22,"column":11},"end":{"line":40,"column":7}}],"line":22},"6":{"loc":{"start":{"line":22,"column":15},"end":{"line":22,"column":66}},"type":"binary-expr","locations":[{"start":{"line":22,"column":15},"end":{"line":22,"column":34}},{"start":{"line":22,"column":38},"end":{"line":22,"column":66}}],"line":22},"7":{"loc":{"start":{"line":25,"column":8},"end":{"line":30,"column":9}},"type":"if","locations":[{"start":{"line":25,"column":8},"end":{"line":30,"column":9}},{"start":{"line":25,"column":8},"end":{"line":30,"column":9}}],"line":25},"8":{"loc":{"start":{"line":28,"column":13},"end":{"line":30,"column":9}},"type":"if","locations":[{"start":{"line":28,"column":13},"end":{"line":30,"column":9}},{"start":{"line":28,"column":13},"end":{"line":30,"column":9}}],"line":28},"9":{"loc":{"start":{"line":32,"column":11},"end":{"line":40,"column":7}},"type":"if","locations":[{"start":{"line":32,"column":11},"end":{"line":40,"column":7}},{"start":{"line":32,"column":11},"end":{"line":40,"column":7}}],"line":32},"10":{"loc":{"start":{"line":34,"column":8},"end":{"line":39,"column":9}},"type":"if","locations":[{"start":{"line":34,"column":8},"end":{"line":39,"column":9}},{"start":{"line":34,"column":8},"end":{"line":39,"column":9}}],"line":34},"11":{"loc":{"start":{"line":37,"column":13},"end":{"line":39,"column":9}},"type":"if","locations":[{"start":{"line":37,"column":13},"end":{"line":39,"column":9}},{"start":{"line":37,"column":13},"end":{"line":39,"column":9}}],"line":37}},"s":{"0":0,"1":0,"2":0,"3":0,"4":0,"5":0,"6":0,"7":0,"8":0,"9":0,"10":0,"11":0,"12":0,"13":0,"14":0,"15":0,"16":0,"17":0,"18":0,"19":0,"20":0,"21":0,"22":0,"23":0,"24":0,"25":0,"26":0,"27":0,"28":0,"29":0},"f":{"0":0,"1":0,"2":0},"b":{"0":[0,0],"1":[0,0],"2":[0,0],"3":[0,0],"4":[0,0],"5":[0,0],"6":[0,0],"7":[0,0],"8":[0,0],"9":[0,0],"10":[0,0],"11":[0,0]},"hash":"76db97e0c3fd5acc68d9a59acc54fbc6517a261b"}
,"C:\\Users\\Dell\\Desktop\\KODOWANIE\\Projects\\Travel-agency\\src\\utils\\formatPrice.js": {"path":"C:\\Users\\Dell\\Desktop\\KODOWANIE\\Projects\\Travel-agency\\src\\utils\\formatPrice.js","statementMap":{"0":{"start":{"line":1,"column":27},"end":{"line":11,"column":1}},"1":{"start":{"line":2,"column":2},"end":{"line":10,"column":9}}},"fnMap":{"0":{"name":"(anonymous_0)","decl":{"start":{"line":1,"column":27},"end":{"line":1,"column":28}},"loc":{"start":{"line":1,"column":36},"end":{"line":11,"column":1}},"line":1}},"branchMap":{"0":{"loc":{"start":{"line":2,"column":9},"end":{"line":10,"column":8}},"type":"cond-expr","locations":[{"start":{"line":3,"column":6},"end":{"line":3,"column":11}},{"start":{"line":4,"column":6},"end":{"line":10,"column":8}}],"line":2}},"s":{"0":0,"1":0},"f":{"0":0},"b":{"0":[0,0]},"hash":"9055f401eb2d5ccc73b0b27b3177890457517d67"}
,"C:\\Users\\Dell\\Desktop\\KODOWANIE\\Projects\\Travel-agency\\src\\utils\\parseOptionPrice.js": {"path":"C:\\Users\\Dell\\Desktop\\KODOWANIE\\Projects\\Travel-agency\\src\\utils\\parseOptionPrice.js","statementMap":{"0":{"start":{"line":1,"column":32},"end":{"line":18,"column":1}},"1":{"start":{"line":2,"column":2},"end":{"line":17,"column":3}},"2":{"start":{"line":3,"column":4},"end":{"line":3,"column":44}},"3":{"start":{"line":6,"column":24},"end":{"line":6,"column":69}},"4":{"start":{"line":7,"column":25},"end":{"line":7,"column":54}},"5":{"start":{"line":8,"column":4},"end":{"line":16,"column":5}},"6":{"start":{"line":9,"column":6},"end":{"line":9,"column":78}},"7":{"start":{"line":11,"column":9},"end":{"line":16,"column":5}},"8":{"start":{"line":12,"column":6},"end":{"line":12,"column":64}},"9":{"start":{"line":15,"column":6},"end":{"line":15,"column":41}}},"fnMap":{"0":{"name":"(anonymous_0)","decl":{"start":{"line":1,"column":32},"end":{"line":1,"column":33}},"loc":{"start":{"line":1,"column":41},"end":{"line":18,"column":1}},"line":1}},"branchMap":{"0":{"loc":{"start":{"line":2,"column":2},"end":{"line":17,"column":3}},"type":"if","locations":[{"start":{"line":2,"column":2},"end":{"line":17,"column":3}},{"start":{"line":2,"column":2},"end":{"line":17,"column":3}}],"line":2},"1":{"loc":{"start":{"line":8,"column":4},"end":{"line":16,"column":5}},"type":"if","locations":[{"start":{"line":8,"column":4},"end":{"line":16,"column":5}},{"start":{"line":8,"column":4},"end":{"line":16,"column":5}}],"line":8},"2":{"loc":{"start":{"line":11,"column":9},"end":{"line":16,"column":5}},"type":"if","locations":[{"start":{"line":11,"column":9},"end":{"line":16,"column":5}},{"start":{"line":11,"column":9},"end":{"line":16,"column":5}}],"line":11}},"s":{"0":0,"1":0,"2":0,"3":0,"4":0,"5":0,"6":0,"7":0,"8":0,"9":0},"f":{"0":0},"b":{"0":[0,0],"1":[0,0],"2":[0,0]},"hash":"82697e6b958f985e3cfc9c9729141aac2a60446b"}
,"C:\\Users\\Dell\\Desktop\\KODOWANIE\\Projects\\Travel-agency\\src\\utils\\parseTrips.js": {"path":"C:\\Users\\Dell\\Desktop\\KODOWANIE\\Projects\\Travel-agency\\src\\utils\\parseTrips.js","statementMap":{"0":{"start":{"line":11,"column":19},"end":{"line":85,"column":1}},"1":{"start":{"line":12,"column":19},"end":{"line":22,"column":3}},"2":{"start":{"line":24,"column":2},"end":{"line":43,"column":3}},"3":{"start":{"line":27,"column":4},"end":{"line":33,"column":5}},"4":{"start":{"line":28,"column":29},"end":{"line":28,"column":100}},"5":{"start":{"line":28,"column":54},"end":{"line":28,"column":90}},"6":{"start":{"line":29,"column":6},"end":{"line":29,"column":89}},"7":{"start":{"line":30,"column":6},"end":{"line":30,"column":62}},"8":{"start":{"line":32,"column":6},"end":{"line":32,"column":64}},"9":{"start":{"line":36,"column":4},"end":{"line":42,"column":5}},"10":{"start":{"line":37,"column":6},"end":{"line":41,"column":7}},"11":{"start":{"line":38,"column":8},"end":{"line":38,"column":48}},"12":{"start":{"line":40,"column":8},"end":{"line":40,"column":47}},"13":{"start":{"line":45,"column":2},"end":{"line":70,"column":3}},"14":{"start":{"line":46,"column":20},"end":{"line":46,"column":51}},"15":{"start":{"line":49,"column":4},"end":{"line":59,"column":5}},"16":{"start":{"line":50,"column":6},"end":{"line":53,"column":8}},"17":{"start":{"line":54,"column":11},"end":{"line":59,"column":5}},"18":{"start":{"line":55,"column":6},"end":{"line":55,"column":74}},"19":{"start":{"line":56,"column":6},"end":{"line":56,"column":74}},"20":{"start":{"line":57,"column":11},"end":{"line":59,"column":5}},"21":{"start":{"line":58,"column":6},"end":{"line":58,"column":74}},"22":{"start":{"line":62,"column":4},"end":{"line":69,"column":5}},"23":{"start":{"line":63,"column":6},"end":{"line":66,"column":8}},"24":{"start":{"line":67,"column":11},"end":{"line":69,"column":5}},"25":{"start":{"line":68,"column":6},"end":{"line":68,"column":80}},"26":{"start":{"line":72,"column":2},"end":{"line":82,"column":3}},"27":{"start":{"line":73,"column":4},"end":{"line":81,"column":5}},"28":{"start":{"line":74,"column":6},"end":{"line":74,"column":62}},"29":{"start":{"line":75,"column":11},"end":{"line":81,"column":5}},"30":{"start":{"line":76,"column":6},"end":{"line":76,"column":60}},"31":{"start":{"line":77,"column":11},"end":{"line":81,"column":5}},"32":{"start":{"line":78,"column":6},"end":{"line":78,"column":45}},"33":{"start":{"line":80,"column":6},"end":{"line":80,"column":45}},"34":{"start":{"line":84,"column":2},"end":{"line":84,"column":22}}},"fnMap":{"0":{"name":"(anonymous_0)","decl":{"start":{"line":11,"column":19},"end":{"line":11,"column":20}},"loc":{"start":{"line":11,"column":41},"end":{"line":85,"column":1}},"line":11},"1":{"name":"(anonymous_1)","decl":{"start":{"line":28,"column":46},"end":{"line":28,"column":47}},"loc":{"start":{"line":28,"column":54},"end":{"line":28,"column":90}},"line":28}},"branchMap":{"0":{"loc":{"start":{"line":27,"column":4},"end":{"line":33,"column":5}},"type":"if","locations":[{"start":{"line":27,"column":4},"end":{"line":33,"column":5}},{"start":{"line":27,"column":4},"end":{"line":33,"column":5}}],"line":27},"1":{"loc":{"start":{"line":28,"column":29},"end":{"line":28,"column":100}},"type":"binary-expr","locations":[{"start":{"line":28,"column":29},"end":{"line":28,"column":94}},{"start":{"line":28,"column":98},"end":{"line":28,"column":100}}],"line":28},"2":{"loc":{"start":{"line":37,"column":6},"end":{"line":41,"column":7}},"type":"if","locations":[{"start":{"line":37,"column":6},"end":{"line":41,"column":7}},{"start":{"line":37,"column":6},"end":{"line":41,"column":7}}],"line":37},"3":{"loc":{"start":{"line":49,"column":4},"end":{"line":59,"column":5}},"type":"if","locations":[{"start":{"line":49,"column":4},"end":{"line":59,"column":5}},{"start":{"line":49,"column":4},"end":{"line":59,"column":5}}],"line":49},"4":{"loc":{"start":{"line":54,"column":11},"end":{"line":59,"column":5}},"type":"if","locations":[{"start":{"line":54,"column":11},"end":{"line":59,"column":5}},{"start":{"line":54,"column":11},"end":{"line":59,"column":5}}],"line":54},"5":{"loc":{"start":{"line":57,"column":11},"end":{"line":59,"column":5}},"type":"if","locations":[{"start":{"line":57,"column":11},"end":{"line":59,"column":5}},{"start":{"line":57,"column":11},"end":{"line":59,"column":5}}],"line":57},"6":{"loc":{"start":{"line":62,"column":4},"end":{"line":69,"column":5}},"type":"if","locations":[{"start":{"line":62,"column":4},"end":{"line":69,"column":5}},{"start":{"line":62,"column":4},"end":{"line":69,"column":5}}],"line":62},"7":{"loc":{"start":{"line":67,"column":11},"end":{"line":69,"column":5}},"type":"if","locations":[{"start":{"line":67,"column":11},"end":{"line":69,"column":5}},{"start":{"line":67,"column":11},"end":{"line":69,"column":5}}],"line":67},"8":{"loc":{"start":{"line":73,"column":4},"end":{"line":81,"column":5}},"type":"if","locations":[{"start":{"line":73,"column":4},"end":{"line":81,"column":5}},{"start":{"line":73,"column":4},"end":{"line":81,"column":5}}],"line":73},"9":{"loc":{"start":{"line":75,"column":11},"end":{"line":81,"column":5}},"type":"if","locations":[{"start":{"line":75,"column":11},"end":{"line":81,"column":5}},{"start":{"line":75,"column":11},"end":{"line":81,"column":5}}],"line":75},"10":{"loc":{"start":{"line":75,"column":14},"end":{"line":75,"column":94}},"type":"binary-expr","locations":[{"start":{"line":75,"column":14},"end":{"line":75,"column":50}},{"start":{"line":75,"column":54},"end":{"line":75,"column":94}}],"line":75},"11":{"loc":{"start":{"line":77,"column":11},"end":{"line":81,"column":5}},"type":"if","locations":[{"start":{"line":77,"column":11},"end":{"line":81,"column":5}},{"start":{"line":77,"column":11},"end":{"line":81,"column":5}}],"line":77}},"s":{"0":0,"1":0,"2":0,"3":0,"4":0,"5":0,"6":0,"7":0,"8":0,"9":0,"10":0,"11":0,"12":0,"13":0,"14":0,"15":0,"16":0,"17":0,"18":0,"19":0,"20":0,"21":0,"22":0,"23":0,"24":0,"25":0,"26":0,"27":0,"28":0,"29":0,"30":0,"31":0,"32":0,"33":0,"34":0},"f":{"0":0,"1":0},"b":{"0":[0,0],"1":[0,0],"2":[0,0],"3":[0,0],"4":[0,0],"5":[0,0],"6":[0,0],"7":[0,0],"8":[0,0],"9":[0,0],"10":[0,0],"11":[0,0]},"hash":"560388e0b4ecefbc66c52ffb58acaab65a5b325f"}
}
